<?xml version="1.0" encoding="UTF-8"?>
<testsuite name="org.springframework.context.annotation.ImportVersusDirectRegistrationTests" tests="3" skipped="0" failures="0" errors="0" timestamp="2022-07-04T14:54:57" hostname="guoyingongdeMBP" time="0.006">
  <properties/>
  <testcase name="thingIsNotAvailableWhenOuterConfigurationIsRegisteredDirectly" classname="org.springframework.context.annotation.ImportVersusDirectRegistrationTests" time="0.002"/>
  <testcase name="thingIsNotAvailableWhenOuterConfigurationIsImported" classname="org.springframework.context.annotation.ImportVersusDirectRegistrationTests" time="0.002"/>
  <testcase name="thingIsNotAvailableWhenOuterConfigurationIsRegisteredWithClassName" classname="org.springframework.context.annotation.ImportVersusDirectRegistrationTests" time="0.001"/>
  <system-out><![CDATA[]]></system-out>
  <system-err><![CDATA[]]></system-err>
</testsuite>
