<?xml version="1.0" encoding="UTF-8"?>
<testsuite name="org.springframework.context.annotation.configuration.spr9031.Spr9031Tests" tests="2" skipped="0" failures="0" errors="0" timestamp="2022-07-04T14:54:51" hostname="guoyingongdeMBP" time="0.107">
  <properties/>
  <testcase name="withoutAsmAnnotationProcessing" classname="org.springframework.context.annotation.configuration.spr9031.Spr9031Tests" time="0.1"/>
  <testcase name="withAsmAnnotationProcessing" classname="org.springframework.context.annotation.configuration.spr9031.Spr9031Tests" time="0.007"/>
  <system-out><![CDATA[]]></system-out>
  <system-err><![CDATA[]]></system-err>
</testsuite>
