<?xml version="1.0" encoding="UTF-8"?>
<testsuite name="org.springframework.context.support.BeanFactoryPostProcessorTests" tests="9" skipped="0" failures="0" errors="0" timestamp="2022-07-04T14:55:01" hostname="guoyingongdeMBP" time="0.012">
  <properties/>
  <testcase name="testDefinedBeanFactoryPostProcessor" classname="org.springframework.context.support.BeanFactoryPostProcessorTests" time="0.001"/>
  <testcase name="testBeanFactoryPostProcessorWithInnerBeanAsApplicationListener" classname="org.springframework.context.support.BeanFactoryPostProcessorTests" time="0.004"/>
  <testcase name="testRegisteredBeanFactoryPostProcessor" classname="org.springframework.context.support.BeanFactoryPostProcessorTests" time="0.0"/>
  <testcase name="testMultipleDefinedBeanFactoryPostProcessors" classname="org.springframework.context.support.BeanFactoryPostProcessorTests" time="0.004"/>
  <testcase name="testBeanFactoryPostProcessorNotExecutedByBeanFactory" classname="org.springframework.context.support.BeanFactoryPostProcessorTests" time="0.0"/>
  <testcase name="testBeanDefinitionRegistryPostProcessor" classname="org.springframework.context.support.BeanFactoryPostProcessorTests" time="0.001"/>
  <testcase name="testBeanFactoryPostProcessorAsApplicationListener" classname="org.springframework.context.support.BeanFactoryPostProcessorTests" time="0.001"/>
  <testcase name="testBeanDefinitionRegistryPostProcessorRegisteringAnother" classname="org.springframework.context.support.BeanFactoryPostProcessorTests" time="0.0"/>
  <testcase name="testPrioritizedBeanDefinitionRegistryPostProcessorRegisteringAnother" classname="org.springframework.context.support.BeanFactoryPostProcessorTests" time="0.001"/>
  <system-out><![CDATA[]]></system-out>
  <system-err><![CDATA[]]></system-err>
</testsuite>
