<?xml version="1.0" encoding="UTF-8"?>
<testsuite name="org.springframework.context.index.CandidateComponentsIndexTests" tests="5" skipped="0" failures="0" errors="0" timestamp="2022-07-04T14:55:06" hostname="guoyingongdeMBP" time="0.004">
  <properties/>
  <testcase name="mergeCandidateStereotypes" classname="org.springframework.context.index.CandidateComponentsIndexTests" time="0.0"/>
  <testcase name="getCandidateTypesSubPackageNoMatch" classname="org.springframework.context.index.CandidateComponentsIndexTests" time="0.002"/>
  <testcase name="getCandidateTypes" classname="org.springframework.context.index.CandidateComponentsIndexTests" time="0.002"/>
  <testcase name="getCandidateTypesSubPackage" classname="org.springframework.context.index.CandidateComponentsIndexTests" time="0.0"/>
  <testcase name="getCandidateTypesNoMatch" classname="org.springframework.context.index.CandidateComponentsIndexTests" time="0.0"/>
  <system-out><![CDATA[]]></system-out>
  <system-err><![CDATA[]]></system-err>
</testsuite>
