<?xml version="1.0" encoding="UTF-8"?>
<testsuite name="org.springframework.context.conversionservice.ConversionServiceContextConfigTests" tests="1" skipped="0" failures="0" errors="0" timestamp="2022-07-04T14:55:07" hostname="guoyingongdeMBP" time="0.02">
  <properties/>
  <testcase name="testConfigOk" classname="org.springframework.context.conversionservice.ConversionServiceContextConfigTests" time="0.02"/>
  <system-out><![CDATA[]]></system-out>
  <system-err><![CDATA[]]></system-err>
</testsuite>
