<?xml version="1.0" encoding="UTF-8"?>
<testsuite name="org.springframework.context.annotation.ComponentScanParserWithUserDefinedStrategiesTests" tests="4" skipped="0" failures="0" errors="0" timestamp="2022-07-04T14:54:59" hostname="guoyingongdeMBP" time="0.054">
  <properties/>
  <testcase name="testInvalidConstructorBeanNameGenerator" classname="org.springframework.context.annotation.ComponentScanParserWithUserDefinedStrategiesTests" time="0.01"/>
  <testcase name="testCustomScopeMetadataResolver" classname="org.springframework.context.annotation.ComponentScanParserWithUserDefinedStrategiesTests" time="0.013"/>
  <testcase name="testCustomBeanNameGenerator" classname="org.springframework.context.annotation.ComponentScanParserWithUserDefinedStrategiesTests" time="0.021"/>
  <testcase name="testInvalidClassNameScopeMetadataResolver" classname="org.springframework.context.annotation.ComponentScanParserWithUserDefinedStrategiesTests" time="0.01"/>
  <system-out><![CDATA[]]></system-out>
  <system-err><![CDATA[]]></system-err>
</testsuite>
