<?xml version="1.0" encoding="UTF-8"?>
<testsuite name="org.springframework.context.annotation.configuration.PackagePrivateBeanMethodInheritanceTests" tests="2" skipped="0" failures="0" errors="0" timestamp="2022-07-04T14:54:50" hostname="guoyingongdeMBP" time="0.016">
  <properties/>
  <testcase name="workaround" classname="org.springframework.context.annotation.configuration.PackagePrivateBeanMethodInheritanceTests" time="0.008"/>
  <testcase name="repro" classname="org.springframework.context.annotation.configuration.PackagePrivateBeanMethodInheritanceTests" time="0.008"/>
  <system-out><![CDATA[]]></system-out>
  <system-err><![CDATA[]]></system-err>
</testsuite>
