<?xml version="1.0" encoding="UTF-8"?>
<testsuite name="org.springframework.format.datetime.standard.InstantFormatterTests" tests="3" skipped="0" failures="0" errors="0" timestamp="2022-07-04T14:55:32" hostname="guoyingongdeMBP" time="0.019">
  <properties/>
  <testcase name="should_parse_an_ISO_formatted_string_representation_of_an_Instant" classname="org.springframework.format.datetime.standard.InstantFormatterTests" time="0.014"/>
  <testcase name="should_serialize_an_Instant_using_ISO_format_and_ignoring_Locale" classname="org.springframework.format.datetime.standard.InstantFormatterTests" time="0.001"/>
  <testcase name="should_parse_an_RFC1123_formatted_string_representation_of_an_Instant" classname="org.springframework.format.datetime.standard.InstantFormatterTests" time="0.004"/>
  <system-out><![CDATA[]]></system-out>
  <system-err><![CDATA[]]></system-err>
</testsuite>
