<?xml version="1.0" encoding="UTF-8"?>
<testsuite name="org.springframework.context.annotation.ComponentScanParserScopedProxyTests" tests="5" skipped="0" failures="0" errors="0" timestamp="2022-07-04T14:54:59" hostname="guoyingongdeMBP" time="0.077">
  <properties/>
  <testcase name="testDefaultScopedProxy" classname="org.springframework.context.annotation.ComponentScanParserScopedProxyTests" time="0.01"/>
  <testcase name="testTargetClassScopedProxy" classname="org.springframework.context.annotation.ComponentScanParserScopedProxyTests" time="0.028"/>
  <testcase name="testInterfacesScopedProxy" classname="org.springframework.context.annotation.ComponentScanParserScopedProxyTests" time="0.016"/>
  <testcase name="testNoScopedProxy" classname="org.springframework.context.annotation.ComponentScanParserScopedProxyTests" time="0.016"/>
  <testcase name="testInvalidConfigScopedProxy" classname="org.springframework.context.annotation.ComponentScanParserScopedProxyTests" time="0.007"/>
  <system-out><![CDATA[]]></system-out>
  <system-err><![CDATA[]]></system-err>
</testsuite>
