<?xml version="1.0" encoding="UTF-8"?>
<testsuite name="org.springframework.ejb.access.LocalSlsbInvokerInterceptorTests" tests="5" skipped="0" failures="0" errors="0" timestamp="2022-07-04T14:55:32" hostname="guoyingongdeMBP" time="0.03">
  <properties/>
  <testcase name="testInvokesMethodOnEjbInstance" classname="org.springframework.ejb.access.LocalSlsbInvokerInterceptorTests" time="0.015"/>
  <testcase name="testApplicationException" classname="org.springframework.ejb.access.LocalSlsbInvokerInterceptorTests" time="0.004"/>
  <testcase name="testPerformsLookup" classname="org.springframework.ejb.access.LocalSlsbInvokerInterceptorTests" time="0.001"/>
  <testcase name="testInvokesMethodOnEjbInstanceWithSeparateBusinessMethods" classname="org.springframework.ejb.access.LocalSlsbInvokerInterceptorTests" time="0.01"/>
  <testcase name="testLookupFailure" classname="org.springframework.ejb.access.LocalSlsbInvokerInterceptorTests" time="0.0"/>
  <system-out><![CDATA[]]></system-out>
  <system-err><![CDATA[]]></system-err>
</testsuite>
