<?xml version="1.0" encoding="UTF-8"?>
<testsuite name="org.springframework.aop.aspectj.PropertyDependentAspectTests" tests="4" skipped="0" failures="0" errors="0" timestamp="2022-07-04T14:55:29" hostname="guoyingongdeMBP" time="0.043">
  <properties/>
  <testcase name="propertyDependentAtAspectJAspectWithPropertyDeclaredAfterAdvice" classname="org.springframework.aop.aspectj.PropertyDependentAspectTests" time="0.01"/>
  <testcase name="propertyDependentAtAspectJAspectWithPropertyDeclaredBeforeAdvice" classname="org.springframework.aop.aspectj.PropertyDependentAspectTests" time="0.012"/>
  <testcase name="propertyDependentAspectWithPropertyDeclaredAfterAdvice" classname="org.springframework.aop.aspectj.PropertyDependentAspectTests" time="0.013"/>
  <testcase name="propertyDependentAspectWithPropertyDeclaredBeforeAdvice" classname="org.springframework.aop.aspectj.PropertyDependentAspectTests" time="0.008"/>
  <system-out><![CDATA[]]></system-out>
  <system-err><![CDATA[]]></system-err>
</testsuite>
