<?xml version="1.0" encoding="UTF-8"?>
<testsuite name="org.springframework.scripting.bsh.BshScriptEvaluatorTests" tests="3" skipped="0" failures="0" errors="0" timestamp="2022-07-04T14:55:14" hostname="guoyingongdeMBP" time="0.017">
  <properties/>
  <testcase name="testGroovyScriptWithArguments" classname="org.springframework.scripting.bsh.BshScriptEvaluatorTests" time="0.005"/>
  <testcase name="testBshScriptFromFile" classname="org.springframework.scripting.bsh.BshScriptEvaluatorTests" time="0.006"/>
  <testcase name="testBshScriptFromString" classname="org.springframework.scripting.bsh.BshScriptEvaluatorTests" time="0.005"/>
  <system-out><![CDATA[]]></system-out>
  <system-err><![CDATA[]]></system-err>
</testsuite>
