<?xml version="1.0" encoding="UTF-8"?>
<testsuite name="org.springframework.jmx.access.MBeanClientInterceptorTests" tests="12" skipped="1" failures="0" errors="0" timestamp="2022-07-04T14:55:20" hostname="guoyingongdeMBP" time="0.059">
  <properties/>
  <testcase name="testSetReadOnlyAttribute" classname="org.springframework.jmx.access.MBeanClientInterceptorTests" time="0.041"/>
  <testcase name="testInvokeUnexposedMethodWithException" classname="org.springframework.jmx.access.MBeanClientInterceptorTests" time="0.002"/>
  <testcase name="testSetAttributeValue" classname="org.springframework.jmx.access.MBeanClientInterceptorTests" time="0.005"/>
  <testcase name="testTestLazyConnectionToRemote" classname="org.springframework.jmx.access.MBeanClientInterceptorTests" time="0.001">
    <skipped/>
  </testcase>
  <testcase name="testDifferentProxiesSameClass" classname="org.springframework.jmx.access.MBeanClientInterceptorTests" time="0.0"/>
  <testcase name="testSetAttributeValueWithIOException" classname="org.springframework.jmx.access.MBeanClientInterceptorTests" time="0.001"/>
  <testcase name="testGetAttributeValue" classname="org.springframework.jmx.access.MBeanClientInterceptorTests" time="0.001"/>
  <testcase name="testInvokeNoArgs" classname="org.springframework.jmx.access.MBeanClientInterceptorTests" time="0.001"/>
  <testcase name="testProxyClassIsDifferent" classname="org.springframework.jmx.access.MBeanClientInterceptorTests" time="0.001"/>
  <testcase name="testInvokeArgs" classname="org.springframework.jmx.access.MBeanClientInterceptorTests" time="0.002"/>
  <testcase name="testSetAttributeValueWithCheckedException" classname="org.springframework.jmx.access.MBeanClientInterceptorTests" time="0.001"/>
  <testcase name="testSetAttributeValueWithRuntimeException" classname="org.springframework.jmx.access.MBeanClientInterceptorTests" time="0.002"/>
  <system-out><![CDATA[]]></system-out>
  <system-err><![CDATA[]]></system-err>
</testsuite>
