<?xml version="1.0" encoding="UTF-8"?>
<testsuite name="org.springframework.ejb.access.LocalStatelessSessionProxyFactoryBeanTests" tests="4" skipped="0" failures="0" errors="0" timestamp="2022-07-04T14:55:32" hostname="guoyingongdeMBP" time="0.025">
  <properties/>
  <testcase name="testInvokesMethodOnEjb3StyleBean" classname="org.springframework.ejb.access.LocalStatelessSessionProxyFactoryBeanTests" time="0.017"/>
  <testcase name="testNoBusinessInterfaceSpecified" classname="org.springframework.ejb.access.LocalStatelessSessionProxyFactoryBeanTests" time="0.006"/>
  <testcase name="testCreateException" classname="org.springframework.ejb.access.LocalStatelessSessionProxyFactoryBeanTests" time="0.001"/>
  <testcase name="testInvokesMethod" classname="org.springframework.ejb.access.LocalStatelessSessionProxyFactoryBeanTests" time="0.001"/>
  <system-out><![CDATA[]]></system-out>
  <system-err><![CDATA[]]></system-err>
</testsuite>
