<?xml version="1.0" encoding="UTF-8"?>
<testsuite name="org.springframework.context.support.BeanDefinitionDslTests" tests="6" skipped="0" failures="0" errors="0" timestamp="2022-07-04T14:55:34" hostname="guoyingongdeMBP" time="0.046">
  <properties/>
  <testcase name="Declare beans leveraging constructor injection" classname="org.springframework.context.support.BeanDefinitionDslTests" time="0.01"/>
  <testcase name="Declare beans with the functional Kotlin DSL" classname="org.springframework.context.support.BeanDefinitionDslTests" time="0.005"/>
  <testcase name="Declare beans using profile condition with the functional Kotlin DSL" classname="org.springframework.context.support.BeanDefinitionDslTests" time="0.006"/>
  <testcase name="Retrieve multiple beans via a bean provider" classname="org.springframework.context.support.BeanDefinitionDslTests" time="0.009"/>
  <testcase name="Declare beans using environment condition with the functional Kotlin DSL" classname="org.springframework.context.support.BeanDefinitionDslTests" time="0.012"/>
  <testcase name="Declare beans depending on environment properties" classname="org.springframework.context.support.BeanDefinitionDslTests" time="0.003"/>
  <system-out><![CDATA[]]></system-out>
  <system-err><![CDATA[]]></system-err>
</testsuite>
