<?xml version="1.0" encoding="UTF-8"?>
<testsuite name="org.springframework.context.annotation.ClassPathFactoryBeanDefinitionScannerTests" tests="1" skipped="0" failures="0" errors="0" timestamp="2022-07-04T14:54:57" hostname="guoyingongdeMBP" time="0.009">
  <properties/>
  <testcase name="testSingletonScopedFactoryMethod" classname="org.springframework.context.annotation.ClassPathFactoryBeanDefinitionScannerTests" time="0.009"/>
  <system-out><![CDATA[]]></system-out>
  <system-err><![CDATA[]]></system-err>
</testsuite>
