<?xml version="1.0" encoding="UTF-8"?>
<testsuite name="org.springframework.context.annotation.configuration.ConfigurationClassWithPlaceholderConfigurerBeanTests" tests="5" skipped="0" failures="0" errors="0" timestamp="2022-07-04T14:54:49" hostname="guoyingongdeMBP" time="0.038">
  <properties/>
  <testcase name="valueFieldsAreProcessedWhenStaticPlaceholderConfigurerIsIntegrated" classname="org.springframework.context.annotation.configuration.ConfigurationClassWithPlaceholderConfigurerBeanTests" time="0.011"/>
  <testcase name="valueFieldsAreProcessedWhenPlaceholderConfigurerIsSegregated" classname="org.springframework.context.annotation.configuration.ConfigurationClassWithPlaceholderConfigurerBeanTests" time="0.011"/>
  <testcase name="valueFieldsAreNotProcessedWhenPlaceholderConfigurerIsIntegrated" classname="org.springframework.context.annotation.configuration.ConfigurationClassWithPlaceholderConfigurerBeanTests" time="0.009"/>
  <testcase name="valueFieldsResolveToPlaceholderSpecifiedDefaultValuesWithPlaceholderConfigurer" classname="org.springframework.context.annotation.configuration.ConfigurationClassWithPlaceholderConfigurerBeanTests" time="0.004"/>
  <testcase name="valueFieldsResolveToPlaceholderSpecifiedDefaultValuesWithoutPlaceholderConfigurer" classname="org.springframework.context.annotation.configuration.ConfigurationClassWithPlaceholderConfigurerBeanTests" time="0.003"/>
  <system-out><![CDATA[]]></system-out>
  <system-err><![CDATA[]]></system-err>
</testsuite>
