<?xml version="1.0" encoding="UTF-8"?>
<testsuite name="org.springframework.aop.aspectj.BeforeAdviceBindingTests" tests="5" skipped="0" failures="0" errors="0" timestamp="2022-07-04T14:55:30" hostname="guoyingongdeMBP" time="0.059">
  <properties/>
  <testcase name="testOneObjectArgBoundToProxyUsingThis" classname="org.springframework.aop.aspectj.BeforeAdviceBindingTests" time="0.017"/>
  <testcase name="testNeedsJoinPoint" classname="org.springframework.aop.aspectj.BeforeAdviceBindingTests" time="0.009"/>
  <testcase name="testOneIntAndOneObjectArgs" classname="org.springframework.aop.aspectj.BeforeAdviceBindingTests" time="0.012"/>
  <testcase name="testNeedsJoinPointStaticPart" classname="org.springframework.aop.aspectj.BeforeAdviceBindingTests" time="0.01"/>
  <testcase name="testOneIntArg" classname="org.springframework.aop.aspectj.BeforeAdviceBindingTests" time="0.011"/>
  <system-out><![CDATA[]]></system-out>
  <system-err><![CDATA[]]></system-err>
</testsuite>
