<?xml version="1.0" encoding="UTF-8"?>
<testsuite name="org.springframework.validation.ValidationUtilsTests" tests="9" skipped="0" failures="0" errors="0" timestamp="2022-07-04T14:55:33" hostname="guoyingongdeMBP" time="0.004">
  <properties/>
  <testcase name="testValidationUtilsNull" classname="org.springframework.validation.ValidationUtilsTests" time="0.002"/>
  <testcase name="testValidationUtilsEmptyOrWhitespaceVariants" classname="org.springframework.validation.ValidationUtilsTests" time="0.0"/>
  <testcase name="testValidationUtilsEmptyVariants" classname="org.springframework.validation.ValidationUtilsTests" time="0.0"/>
  <testcase name="testValidationUtilsEmpty" classname="org.springframework.validation.ValidationUtilsTests" time="0.0"/>
  <testcase name="testInvokeValidatorWithNullValidator" classname="org.springframework.validation.ValidationUtilsTests" time="0.0"/>
  <testcase name="testInvokeValidatorSunnyDay" classname="org.springframework.validation.ValidationUtilsTests" time="0.0"/>
  <testcase name="testInvokeValidatorWithNullErrors" classname="org.springframework.validation.ValidationUtilsTests" time="0.001"/>
  <testcase name="testValidationUtilsSunnyDay" classname="org.springframework.validation.ValidationUtilsTests" time="0.0"/>
  <testcase name="testValidationUtilsEmptyOrWhitespace" classname="org.springframework.validation.ValidationUtilsTests" time="0.001"/>
  <system-out><![CDATA[]]></system-out>
  <system-err><![CDATA[]]></system-err>
</testsuite>
