<?xml version="1.0" encoding="UTF-8"?>
<testsuite name="org.springframework.aop.aspectj.AfterThrowingAdviceBindingTests" tests="6" skipped="0" failures="0" errors="0" timestamp="2022-07-04T14:55:29" hostname="guoyingongdeMBP" time="0.081">
  <properties/>
  <testcase name="testSimpleAfterThrowing" classname="org.springframework.aop.aspectj.AfterThrowingAdviceBindingTests" time="0.027"/>
  <testcase name="testAfterThrowingWithTypeSpecified" classname="org.springframework.aop.aspectj.AfterThrowingAdviceBindingTests" time="0.009"/>
  <testcase name="testAfterThrowingWithRuntimeExceptionBinding" classname="org.springframework.aop.aspectj.AfterThrowingAdviceBindingTests" time="0.01"/>
  <testcase name="testAfterThrowingWithBinding" classname="org.springframework.aop.aspectj.AfterThrowingAdviceBindingTests" time="0.013"/>
  <testcase name="testAfterThrowingWithRuntimeTypeSpecified" classname="org.springframework.aop.aspectj.AfterThrowingAdviceBindingTests" time="0.01"/>
  <testcase name="testAfterThrowingWithNamedTypeRestriction" classname="org.springframework.aop.aspectj.AfterThrowingAdviceBindingTests" time="0.012"/>
  <system-out><![CDATA[]]></system-out>
  <system-err><![CDATA[]]></system-err>
</testsuite>
