<?xml version="1.0" encoding="UTF-8"?>
<testsuite name="org.springframework.aop.aspectj.BeanNamePointcutTests" tests="6" skipped="0" failures="0" errors="0" timestamp="2022-07-04T14:55:30" hostname="guoyingongdeMBP" time="0.076">
  <properties/>
  <testcase name="testPointcutAdvisorCombination" classname="org.springframework.aop.aspectj.BeanNamePointcutTests" time="0.021"/>
  <testcase name="testMatchingBeanName" classname="org.springframework.aop.aspectj.BeanNamePointcutTests" time="0.012"/>
  <testcase name="testMatchingFactoryBeanItself" classname="org.springframework.aop.aspectj.BeanNamePointcutTests" time="0.01"/>
  <testcase name="testMatchingFactoryBeanObject" classname="org.springframework.aop.aspectj.BeanNamePointcutTests" time="0.013"/>
  <testcase name="testNonMatchingNestedBeanName" classname="org.springframework.aop.aspectj.BeanNamePointcutTests" time="0.01"/>
  <testcase name="testNonMatchingBeanName" classname="org.springframework.aop.aspectj.BeanNamePointcutTests" time="0.01"/>
  <system-out><![CDATA[]]></system-out>
  <system-err><![CDATA[]]></system-err>
</testsuite>
