<?xml version="1.0" encoding="UTF-8"?>
<testsuite name="org.springframework.remoting.support.RemoteInvocationUtilsTests" tests="2" skipped="0" failures="0" errors="0" timestamp="2022-07-04T14:54:41" hostname="guoyingongdeMBP" time="0.002">
  <properties/>
  <testcase name="fillInClientStackTraceIfPossibleWithNullThrowable" classname="org.springframework.remoting.support.RemoteInvocationUtilsTests" time="0.001"/>
  <testcase name="fillInClientStackTraceIfPossibleSunnyDay" classname="org.springframework.remoting.support.RemoteInvocationUtilsTests" time="0.0"/>
  <system-out><![CDATA[]]></system-out>
  <system-err><![CDATA[]]></system-err>
</testsuite>
