<?xml version="1.0" encoding="UTF-8"?>
<testsuite name="org.springframework.context.annotation.Spr11310Tests" tests="2" skipped="0" failures="0" errors="0" timestamp="2022-07-04T14:55:01" hostname="guoyingongdeMBP" time="0.011">
  <properties/>
  <testcase name="orderedArray" classname="org.springframework.context.annotation.Spr11310Tests" time="0.008"/>
  <testcase name="orderedList" classname="org.springframework.context.annotation.Spr11310Tests" time="0.003"/>
  <system-out><![CDATA[]]></system-out>
  <system-err><![CDATA[]]></system-err>
</testsuite>
