<?xml version="1.0" encoding="UTF-8"?>
<testsuite name="org.springframework.jmx.export.notification.ModelMBeanNotificationPublisherTests" tests="4" skipped="0" failures="0" errors="0" timestamp="2022-07-04T14:55:26" hostname="guoyingongdeMBP" time="0.001">
  <properties/>
  <testcase name="testSendNullNotification" classname="org.springframework.jmx.export.notification.ModelMBeanNotificationPublisherTests" time="0.0"/>
  <testcase name="testCtorWithNullManagedResource" classname="org.springframework.jmx.export.notification.ModelMBeanNotificationPublisherTests" time="0.0"/>
  <testcase name="testCtorWithNullObjectName" classname="org.springframework.jmx.export.notification.ModelMBeanNotificationPublisherTests" time="0.0"/>
  <testcase name="testCtorWithNullMBean" classname="org.springframework.jmx.export.notification.ModelMBeanNotificationPublisherTests" time="0.001"/>
  <system-out><![CDATA[]]></system-out>
  <system-err><![CDATA[]]></system-err>
</testsuite>
