<?xml version="1.0" encoding="UTF-8"?>
<testsuite name="org.springframework.context.support.GenericXmlApplicationContextTests" tests="4" skipped="0" failures="0" errors="0" timestamp="2022-07-04T14:55:05" hostname="guoyingongdeMBP" time="0.019">
  <properties/>
  <testcase name="classRelativeResourceLoading_ctor" classname="org.springframework.context.support.GenericXmlApplicationContextTests" time="0.005"/>
  <testcase name="classRelativeResourceLoading_load" classname="org.springframework.context.support.GenericXmlApplicationContextTests" time="0.005"/>
  <testcase name="fullyQualifiedResourceLoading_ctor" classname="org.springframework.context.support.GenericXmlApplicationContextTests" time="0.004"/>
  <testcase name="fullyQualifiedResourceLoading_load" classname="org.springframework.context.support.GenericXmlApplicationContextTests" time="0.005"/>
  <system-out><![CDATA[]]></system-out>
  <system-err><![CDATA[]]></system-err>
</testsuite>
