<?xml version="1.0" encoding="UTF-8"?>
<testsuite name="org.springframework.context.annotation.DestroyMethodInferenceTests" tests="2" skipped="0" failures="0" errors="0" timestamp="2022-07-04T14:54:57" hostname="guoyingongdeMBP" time="0.017">
  <properties/>
  <testcase name="beanMethods" classname="org.springframework.context.annotation.DestroyMethodInferenceTests" time="0.01"/>
  <testcase name="xml" classname="org.springframework.context.annotation.DestroyMethodInferenceTests" time="0.007"/>
  <system-out><![CDATA[]]></system-out>
  <system-err><![CDATA[]]></system-err>
</testsuite>
