<?xml version="1.0" encoding="UTF-8"?>
<testsuite name="org.springframework.instrument.classloading.InstrumentableClassLoaderTests" tests="1" skipped="0" failures="0" errors="0" timestamp="2022-07-04T14:55:18" hostname="guoyingongdeMBP" time="0.001">
  <properties/>
  <testcase name="testDefaultLoadTimeWeaver" classname="org.springframework.instrument.classloading.InstrumentableClassLoaderTests" time="0.001"/>
  <system-out><![CDATA[]]></system-out>
  <system-err><![CDATA[]]></system-err>
</testsuite>
