<?xml version="1.0" encoding="UTF-8"?>
<testsuite name="org.springframework.validation.beanvalidation.ValidatorFactoryTests" tests="12" skipped="0" failures="0" errors="0" timestamp="2022-07-04T14:55:33" hostname="guoyingongdeMBP" time="0.241">
  <properties/>
  <testcase name="testValidationWithOptionalField" classname="org.springframework.validation.beanvalidation.ValidatorFactoryTests" time="0.014"/>
  <testcase name="testSpringValidationFieldType" classname="org.springframework.validation.beanvalidation.ValidatorFactoryTests" time="0.031"/>
  <testcase name="testSpringValidationWithErrorInListElement" classname="org.springframework.validation.beanvalidation.ValidatorFactoryTests" time="0.026"/>
  <testcase name="testSpringValidationWithClassLevel" classname="org.springframework.validation.beanvalidation.ValidatorFactoryTests" time="0.025"/>
  <testcase name="testInnerBeanValidation" classname="org.springframework.validation.beanvalidation.ValidatorFactoryTests" time="0.006"/>
  <testcase name="testSpringValidationWithErrorInSetElement" classname="org.springframework.validation.beanvalidation.ValidatorFactoryTests" time="0.024"/>
  <testcase name="testSpringValidationWithAutowiredValidator" classname="org.springframework.validation.beanvalidation.ValidatorFactoryTests" time="0.024"/>
  <testcase name="testSimpleValidation" classname="org.springframework.validation.beanvalidation.ValidatorFactoryTests" time="0.02"/>
  <testcase name="testListValidation" classname="org.springframework.validation.beanvalidation.ValidatorFactoryTests" time="0.008"/>
  <testcase name="testSimpleValidationWithClassLevel" classname="org.springframework.validation.beanvalidation.ValidatorFactoryTests" time="0.02"/>
  <testcase name="testSimpleValidationWithCustomProvider" classname="org.springframework.validation.beanvalidation.ValidatorFactoryTests" time="0.022"/>
  <testcase name="testSpringValidation" classname="org.springframework.validation.beanvalidation.ValidatorFactoryTests" time="0.021"/>
  <system-out><![CDATA[]]></system-out>
  <system-err><![CDATA[]]></system-err>
</testsuite>
