<?xml version="1.0" encoding="UTF-8"?>
<testsuite name="org.springframework.context.event.ApplicationContextEventTests" tests="28" skipped="0" failures="0" errors="0" timestamp="2022-07-04T14:55:08" hostname="guoyingongdeMBP" time="0.099">
  <properties/>
  <testcase name="nonSingletonListenerInApplicationContext" classname="org.springframework.context.event.ApplicationContextEventTests" time="0.001"/>
  <testcase name="orderedListenersWithAnnotation" classname="org.springframework.context.event.ApplicationContextEventTests" time="0.001"/>
  <testcase name="lambdaAsListenerWithJava9StyleClassCastMessage" classname="org.springframework.context.event.ApplicationContextEventTests" time="0.001"/>
  <testcase name="multicastSimpleEvent" classname="org.springframework.context.event.ApplicationContextEventTests" time="0.005"/>
  <testcase name="listenerAndBroadcasterWithCircularReference" classname="org.springframework.context.event.ApplicationContextEventTests" time="0.003"/>
  <testcase name="innerBeanAsListener" classname="org.springframework.context.event.ApplicationContextEventTests" time="0.001"/>
  <testcase name="lambdaAsListenerWithErrorHandler" classname="org.springframework.context.event.ApplicationContextEventTests" time="0.008"/>
  <testcase name="multicastSmartGenericWrongTypeGenericListener" classname="org.springframework.context.event.ApplicationContextEventTests" time="0.0"/>
  <testcase name="simpleApplicationEventMulticasterWithTaskExecutor" classname="org.springframework.context.event.ApplicationContextEventTests" time="0.002"/>
  <testcase name="multicastConcreteTypeGenericListener" classname="org.springframework.context.event.ApplicationContextEventTests" time="0.002"/>
  <testcase name="beanPostProcessorPublishesEvents" classname="org.springframework.context.event.ApplicationContextEventTests" time="0.002"/>
  <testcase name="multicastConcreteWrongTypeGenericListener" classname="org.springframework.context.event.ApplicationContextEventTests" time="0.0"/>
  <testcase name="orderedListeners" classname="org.springframework.context.event.ApplicationContextEventTests" time="0.002"/>
  <testcase name="multicastGenericEvent" classname="org.springframework.context.event.ApplicationContextEventTests" time="0.001"/>
  <testcase name="proxiedListeners" classname="org.springframework.context.event.ApplicationContextEventTests" time="0.004"/>
  <testcase name="simpleApplicationEventMulticasterWithErrorHandler" classname="org.springframework.context.event.ApplicationContextEventTests" time="0.007"/>
  <testcase name="multicastSmartGenericTypeGenericListener" classname="org.springframework.context.event.ApplicationContextEventTests" time="0.0"/>
  <testcase name="lambdaAsListenerWithJava8StyleClassCastMessage" classname="org.springframework.context.event.ApplicationContextEventTests" time="0.001"/>
  <testcase name="anonymousClassAsListener" classname="org.springframework.context.event.ApplicationContextEventTests" time="0.001"/>
  <testcase name="lambdaAsListener" classname="org.springframework.context.event.ApplicationContextEventTests" time="0.0"/>
  <testcase name="proxiedListenersMixedWithTargetListeners" classname="org.springframework.context.event.ApplicationContextEventTests" time="0.001"/>
  <testcase name="testEventPublicationInterceptor" classname="org.springframework.context.event.ApplicationContextEventTests" time="0.034"/>
  <testcase name="multicastGenericEventWrongType" classname="org.springframework.context.event.ApplicationContextEventTests" time="0.001"/>
  <testcase name="simpleApplicationEventMulticasterWithException" classname="org.springframework.context.event.ApplicationContextEventTests" time="0.0"/>
  <testcase name="listenersInApplicationContext" classname="org.springframework.context.event.ApplicationContextEventTests" time="0.001"/>
  <testcase name="listenersInApplicationContextWithPayloadEvents" classname="org.springframework.context.event.ApplicationContextEventTests" time="0.001"/>
  <testcase name="multicastGenericEventWildcardSubType" classname="org.springframework.context.event.ApplicationContextEventTests" time="0.0"/>
  <testcase name="listenersInApplicationContextWithNestedChild" classname="org.springframework.context.event.ApplicationContextEventTests" time="0.017"/>
  <system-out><![CDATA[22:55:08.120 [Test worker] ERROR o.s.s.s.TaskUtils$LoggingErrorHandler - Unexpected error occurred in scheduled task.
java.lang.RuntimeException: null
	at org.springframework.context.event.SimpleApplicationEventMulticaster.doInvokeListener(SimpleApplicationEventMulticaster.java:172) ~[main/:?]
	at org.springframework.context.event.SimpleApplicationEventMulticaster.invokeListener(SimpleApplicationEventMulticaster.java:158) [main/:?]
	at org.springframework.context.event.SimpleApplicationEventMulticaster.multicastEvent(SimpleApplicationEventMulticaster.java:139) [main/:?]
	at org.springframework.context.event.SimpleApplicationEventMulticaster.multicastEvent(SimpleApplicationEventMulticaster.java:127) [main/:?]
	at org.springframework.context.event.ApplicationContextEventTests.simpleApplicationEventMulticasterWithErrorHandler(ApplicationContextEventTests.java:178) [test/:?]
	at sun.reflect.NativeMethodAccessorImpl.invoke0(Native Method) ~[?:1.8.0_231]
	at sun.reflect.NativeMethodAccessorImpl.invoke(NativeMethodAccessorImpl.java:62) ~[?:1.8.0_231]
	at sun.reflect.DelegatingMethodAccessorImpl.invoke(DelegatingMethodAccessorImpl.java:43) ~[?:1.8.0_231]
	at java.lang.reflect.Method.invoke(Method.java:498) ~[?:1.8.0_231]
	at org.junit.runners.model.FrameworkMethod$1.runReflectiveCall(FrameworkMethod.java:50) [junit-4.12.jar:4.12]
	at org.junit.internal.runners.model.ReflectiveCallable.run(ReflectiveCallable.java:12) [junit-4.12.jar:4.12]
	at org.junit.runners.model.FrameworkMethod.invokeExplosively(FrameworkMethod.java:47) [junit-4.12.jar:4.12]
	at org.junit.internal.runners.statements.InvokeMethod.evaluate(InvokeMethod.java:17) [junit-4.12.jar:4.12]
	at org.junit.runners.ParentRunner.runLeaf(ParentRunner.java:325) [junit-4.12.jar:4.12]
	at org.junit.runners.BlockJUnit4ClassRunner.runChild(BlockJUnit4ClassRunner.java:78) [junit-4.12.jar:4.12]
	at org.junit.runners.BlockJUnit4ClassRunner.runChild(BlockJUnit4ClassRunner.java:57) [junit-4.12.jar:4.12]
	at org.junit.runners.ParentRunner$3.run(ParentRunner.java:290) [junit-4.12.jar:4.12]
	at org.junit.runners.ParentRunner$1.schedule(ParentRunner.java:71) [junit-4.12.jar:4.12]
	at org.junit.runners.ParentRunner.runChildren(ParentRunner.java:288) [junit-4.12.jar:4.12]
	at org.junit.runners.ParentRunner.access$000(ParentRunner.java:58) [junit-4.12.jar:4.12]
	at org.junit.runners.ParentRunner$2.evaluate(ParentRunner.java:268) [junit-4.12.jar:4.12]
	at org.junit.runners.ParentRunner.run(ParentRunner.java:363) [junit-4.12.jar:4.12]
	at org.gradle.api.internal.tasks.testing.junit.JUnitTestClassExecutor.runTestClass(JUnitTestClassExecutor.java:110) [gradle-testing-jvm-5.6.4.jar:5.6.4]
	at org.gradle.api.internal.tasks.testing.junit.JUnitTestClassExecutor.execute(JUnitTestClassExecutor.java:58) [gradle-testing-jvm-5.6.4.jar:5.6.4]
	at org.gradle.api.internal.tasks.testing.junit.JUnitTestClassExecutor.execute(JUnitTestClassExecutor.java:38) [gradle-testing-jvm-5.6.4.jar:5.6.4]
	at org.gradle.api.internal.tasks.testing.junit.AbstractJUnitTestClassProcessor.processTestClass(AbstractJUnitTestClassProcessor.java:62) [gradle-testing-jvm-5.6.4.jar:5.6.4]
	at org.gradle.api.internal.tasks.testing.SuiteTestClassProcessor.processTestClass(SuiteTestClassProcessor.java:51) [gradle-testing-base-5.6.4.jar:5.6.4]
	at sun.reflect.GeneratedMethodAccessor54.invoke(Unknown Source) ~[?:?]
	at sun.reflect.DelegatingMethodAccessorImpl.invoke(DelegatingMethodAccessorImpl.java:43) ~[?:1.8.0_231]
	at java.lang.reflect.Method.invoke(Method.java:498) ~[?:1.8.0_231]
	at org.gradle.internal.dispatch.ReflectionDispatch.dispatch(ReflectionDispatch.java:36) [gradle-messaging-5.6.4.jar:5.6.4]
	at org.gradle.internal.dispatch.ReflectionDispatch.dispatch(ReflectionDispatch.java:24) [gradle-messaging-5.6.4.jar:5.6.4]
	at org.gradle.internal.dispatch.ContextClassLoaderDispatch.dispatch(ContextClassLoaderDispatch.java:33) [gradle-messaging-5.6.4.jar:5.6.4]
	at org.gradle.internal.dispatch.ProxyDispatchAdapter$DispatchingInvocationHandler.invoke(ProxyDispatchAdapter.java:94) [gradle-messaging-5.6.4.jar:5.6.4]
	at com.sun.proxy.$Proxy2.processTestClass(Unknown Source) [?:?]
	at org.gradle.api.internal.tasks.testing.worker.TestWorker.processTestClass(TestWorker.java:118) [gradle-testing-base-5.6.4.jar:5.6.4]
	at sun.reflect.GeneratedMethodAccessor53.invoke(Unknown Source) ~[?:?]
	at sun.reflect.DelegatingMethodAccessorImpl.invoke(DelegatingMethodAccessorImpl.java:43) ~[?:1.8.0_231]
	at java.lang.reflect.Method.invoke(Method.java:498) ~[?:1.8.0_231]
	at org.gradle.internal.dispatch.ReflectionDispatch.dispatch(ReflectionDispatch.java:36) [gradle-messaging-5.6.4.jar:5.6.4]
	at org.gradle.internal.dispatch.ReflectionDispatch.dispatch(ReflectionDispatch.java:24) [gradle-messaging-5.6.4.jar:5.6.4]
	at org.gradle.internal.remote.internal.hub.MessageHubBackedObjectConnection$DispatchWrapper.dispatch(MessageHubBackedObjectConnection.java:182) [gradle-messaging-5.6.4.jar:5.6.4]
	at org.gradle.internal.remote.internal.hub.MessageHubBackedObjectConnection$DispatchWrapper.dispatch(MessageHubBackedObjectConnection.java:164) [gradle-messaging-5.6.4.jar:5.6.4]
	at org.gradle.internal.remote.internal.hub.MessageHub$Handler.run(MessageHub.java:412) [gradle-messaging-5.6.4.jar:5.6.4]
	at org.gradle.internal.concurrent.ExecutorPolicy$CatchAndRecordFailures.onExecute(ExecutorPolicy.java:64) [gradle-base-services-5.6.4.jar:5.6.4]
	at org.gradle.internal.concurrent.ManagedExecutorImpl$1.run(ManagedExecutorImpl.java:48) [gradle-base-services-5.6.4.jar:5.6.4]
	at java.util.concurrent.ThreadPoolExecutor.runWorker(ThreadPoolExecutor.java:1149) [?:1.8.0_231]
	at java.util.concurrent.ThreadPoolExecutor$Worker.run(ThreadPoolExecutor.java:624) [?:1.8.0_231]
	at org.gradle.internal.concurrent.ThreadFactoryImpl$ManagedThreadRunnable.run(ThreadFactoryImpl.java:56) [gradle-base-services-5.6.4.jar:5.6.4]
	at java.lang.Thread.run(Thread.java:748) [?:1.8.0_231]
]]></system-out>
  <system-err><![CDATA[]]></system-err>
</testsuite>
