<?xml version="1.0" encoding="UTF-8"?>
<testsuite name="org.springframework.context.annotation.ConfigurationClassPostConstructAndAutowiringTests" tests="2" skipped="0" failures="0" errors="0" timestamp="2022-07-04T14:55:01" hostname="guoyingongdeMBP" time="0.011">
  <properties/>
  <testcase name="originalReproCase" classname="org.springframework.context.annotation.ConfigurationClassPostConstructAndAutowiringTests" time="0.009"/>
  <testcase name="control" classname="org.springframework.context.annotation.ConfigurationClassPostConstructAndAutowiringTests" time="0.002"/>
  <system-out><![CDATA[]]></system-out>
  <system-err><![CDATA[]]></system-err>
</testsuite>
