<?xml version="1.0" encoding="UTF-8"?>
<testsuite name="org.springframework.context.event.LifecycleEventTests" tests="2" skipped="0" failures="0" errors="0" timestamp="2022-07-04T14:55:08" hostname="guoyingongdeMBP" time="0.002">
  <properties/>
  <testcase name="contextStoppedEvent" classname="org.springframework.context.event.LifecycleEventTests" time="0.002"/>
  <testcase name="contextStartedEvent" classname="org.springframework.context.event.LifecycleEventTests" time="0.0"/>
  <system-out><![CDATA[]]></system-out>
  <system-err><![CDATA[]]></system-err>
</testsuite>
