<?xml version="1.0" encoding="UTF-8"?>
<testsuite name="org.springframework.jmx.export.LazyInitMBeanTests" tests="1" skipped="0" failures="0" errors="0" timestamp="2022-07-04T14:55:26" hostname="guoyingongdeMBP" time="0.022">
  <properties/>
  <testcase name="invokeOnLazyInitBean" classname="org.springframework.jmx.export.LazyInitMBeanTests" time="0.022"/>
  <system-out><![CDATA[]]></system-out>
  <system-err><![CDATA[]]></system-err>
</testsuite>
