<?xml version="1.0" encoding="UTF-8"?>
<testsuite name="org.springframework.beans.factory.xml.support.CustomNamespaceHandlerTests" tests="9" skipped="0" failures="0" errors="0" timestamp="2022-07-04T14:55:30" hostname="guoyingongdeMBP" time="0.075">
  <properties/>
  <testcase name="testDecorationViaAttribute" classname="org.springframework.beans.factory.xml.support.CustomNamespaceHandlerTests" time="0.014"/>
  <testcase name="testCustomElementNestedWithinUtilMap" classname="org.springframework.beans.factory.xml.support.CustomNamespaceHandlerTests" time="0.007"/>
  <testcase name="testCustomElementNestedWithinUtilSet" classname="org.springframework.beans.factory.xml.support.CustomNamespaceHandlerTests" time="0.01"/>
  <testcase name="testSimpleDecorator" classname="org.springframework.beans.factory.xml.support.CustomNamespaceHandlerTests" time="0.011"/>
  <testcase name="testCustomElementNestedWithinUtilList" classname="org.springframework.beans.factory.xml.support.CustomNamespaceHandlerTests" time="0.008"/>
  <testcase name="testProxyingDecorator" classname="org.springframework.beans.factory.xml.support.CustomNamespaceHandlerTests" time="0.006"/>
  <testcase name="testProxyingDecoratorNoInstance" classname="org.springframework.beans.factory.xml.support.CustomNamespaceHandlerTests" time="0.007"/>
  <testcase name="testSimpleParser" classname="org.springframework.beans.factory.xml.support.CustomNamespaceHandlerTests" time="0.005"/>
  <testcase name="testChainedDecorators" classname="org.springframework.beans.factory.xml.support.CustomNamespaceHandlerTests" time="0.007"/>
  <system-out><![CDATA[]]></system-out>
  <system-err><![CDATA[]]></system-err>
</testsuite>
