<?xml version="1.0" encoding="UTF-8"?>
<testsuite name="org.springframework.jmx.export.naming.PropertiesFileNamingStrategyTests" tests="1" skipped="0" failures="0" errors="0" timestamp="2022-07-04T14:55:27" hostname="guoyingongdeMBP" time="0.0">
  <properties/>
  <testcase name="naming" classname="org.springframework.jmx.export.naming.PropertiesFileNamingStrategyTests" time="0.0"/>
  <system-out><![CDATA[]]></system-out>
  <system-err><![CDATA[]]></system-err>
</testsuite>
