<?xml version="1.0" encoding="UTF-8"?>
<testsuite name="org.springframework.jmx.export.CustomEditorConfigurerTests" tests="2" skipped="0" failures="0" errors="0" timestamp="2022-07-04T14:55:27" hostname="guoyingongdeMBP" time="0.016">
  <properties/>
  <testcase name="testGetDates" classname="org.springframework.jmx.export.CustomEditorConfigurerTests" time="0.012"/>
  <testcase name="testDatesInJmx" classname="org.springframework.jmx.export.CustomEditorConfigurerTests" time="0.004"/>
  <system-out><![CDATA[]]></system-out>
  <system-err><![CDATA[]]></system-err>
</testsuite>
