<?xml version="1.0" encoding="UTF-8"?>
<testsuite name="org.springframework.cache.config.CacheAdviceNamespaceTests" tests="60" skipped="0" failures="0" errors="0" timestamp="2022-07-04T14:55:15" hostname="guoyingongdeMBP" time="1.396">
  <properties/>
  <testcase name="testKeyStrategy" classname="org.springframework.cache.config.CacheAdviceNamespaceTests" time="0.038"/>
  <testcase name="testMultiConditionalCacheAndEvict" classname="org.springframework.cache.config.CacheAdviceNamespaceTests" time="0.026"/>
  <testcase name="testClassCheckedExceptionSync" classname="org.springframework.cache.config.CacheAdviceNamespaceTests" time="0.025"/>
  <testcase name="testKeyExpression" classname="org.springframework.cache.config.CacheAdviceNamespaceTests" time="0.031"/>
  <testcase name="testConditionalUpdate" classname="org.springframework.cache.config.CacheAdviceNamespaceTests" time="0.033"/>
  <testcase name="testClassMultiCacheAndEvict" classname="org.springframework.cache.config.CacheAdviceNamespaceTests" time="0.024"/>
  <testcase name="testCacheableSyncNull" classname="org.springframework.cache.config.CacheAdviceNamespaceTests" time="0.025"/>
  <testcase name="testUnknownCustomKeyGenerator" classname="org.springframework.cache.config.CacheAdviceNamespaceTests" time="0.024"/>
  <testcase name="testClassRootVars" classname="org.springframework.cache.config.CacheAdviceNamespaceTests" time="0.022"/>
  <testcase name="testMethodName" classname="org.springframework.cache.config.CacheAdviceNamespaceTests" time="0.02"/>
  <testcase name="testEvictWithException" classname="org.springframework.cache.config.CacheAdviceNamespaceTests" time="0.024"/>
  <testcase name="testClassUpdate" classname="org.springframework.cache.config.CacheAdviceNamespaceTests" time="0.021"/>
  <testcase name="testClassEarlyInvalidate" classname="org.springframework.cache.config.CacheAdviceNamespaceTests" time="0.022"/>
  <testcase name="testCustomCacheManager" classname="org.springframework.cache.config.CacheAdviceNamespaceTests" time="0.019"/>
  <testcase name="testCheckedExceptionSync" classname="org.springframework.cache.config.CacheAdviceNamespaceTests" time="0.023"/>
  <testcase name="testClassNullArg" classname="org.springframework.cache.config.CacheAdviceNamespaceTests" time="0.026"/>
  <testcase name="testClassEvictAll" classname="org.springframework.cache.config.CacheAdviceNamespaceTests" time="0.025"/>
  <testcase name="testPutRefersToResult" classname="org.springframework.cache.config.CacheAdviceNamespaceTests" time="0.025"/>
  <testcase name="testClassCacheUnlessExpression" classname="org.springframework.cache.config.CacheAdviceNamespaceTests" time="0.023"/>
  <testcase name="testConditionalExpressionSync" classname="org.springframework.cache.config.CacheAdviceNamespaceTests" time="0.025"/>
  <testcase name="testClassConditionalUpdate" classname="org.springframework.cache.config.CacheAdviceNamespaceTests" time="0.022"/>
  <testcase name="testConditionalExpression" classname="org.springframework.cache.config.CacheAdviceNamespaceTests" time="0.038"/>
  <testcase name="testClassMultiPut" classname="org.springframework.cache.config.CacheAdviceNamespaceTests" time="0.042"/>
  <testcase name="testInvalidateWithKey" classname="org.springframework.cache.config.CacheAdviceNamespaceTests" time="0.033"/>
  <testcase name="testEarlyInvalidate" classname="org.springframework.cache.config.CacheAdviceNamespaceTests" time="0.025"/>
  <testcase name="testClassUncheckedException" classname="org.springframework.cache.config.CacheAdviceNamespaceTests" time="0.03"/>
  <testcase name="testClassNullValue" classname="org.springframework.cache.config.CacheAdviceNamespaceTests" time="0.025"/>
  <testcase name="testEarlyInvalidateWithKey" classname="org.springframework.cache.config.CacheAdviceNamespaceTests" time="0.022"/>
  <testcase name="testClassEarlyInvalidateWithKey" classname="org.springframework.cache.config.CacheAdviceNamespaceTests" time="0.025"/>
  <testcase name="testUncheckedExceptionSync" classname="org.springframework.cache.config.CacheAdviceNamespaceTests" time="0.025"/>
  <testcase name="testClassUncheckedExceptionSync" classname="org.springframework.cache.config.CacheAdviceNamespaceTests" time="0.023"/>
  <testcase name="testClassCacheCacheable" classname="org.springframework.cache.config.CacheAdviceNamespaceTests" time="0.021"/>
  <testcase name="testClassMethodName" classname="org.springframework.cache.config.CacheAdviceNamespaceTests" time="0.02"/>
  <testcase name="testCustomKeyGenerator" classname="org.springframework.cache.config.CacheAdviceNamespaceTests" time="0.02"/>
  <testcase name="testCacheable" classname="org.springframework.cache.config.CacheAdviceNamespaceTests" time="0.018"/>
  <testcase name="testCheckedException" classname="org.springframework.cache.config.CacheAdviceNamespaceTests" time="0.02"/>
  <testcase name="testClassPutRefersToResult" classname="org.springframework.cache.config.CacheAdviceNamespaceTests" time="0.018"/>
  <testcase name="testVarArgsKey" classname="org.springframework.cache.config.CacheAdviceNamespaceTests" time="0.018"/>
  <testcase name="testMultiCache" classname="org.springframework.cache.config.CacheAdviceNamespaceTests" time="0.019"/>
  <testcase name="testMultiEvict" classname="org.springframework.cache.config.CacheAdviceNamespaceTests" time="0.018"/>
  <testcase name="testMultiCacheAndEvict" classname="org.springframework.cache.config.CacheAdviceNamespaceTests" time="0.022"/>
  <testcase name="testRootVars" classname="org.springframework.cache.config.CacheAdviceNamespaceTests" time="0.023"/>
  <testcase name="testClassMultiConditionalCacheAndEvict" classname="org.springframework.cache.config.CacheAdviceNamespaceTests" time="0.02"/>
  <testcase name="testClassCacheInvalidateWKey" classname="org.springframework.cache.config.CacheAdviceNamespaceTests" time="0.022"/>
  <testcase name="testClassEvictWithException" classname="org.springframework.cache.config.CacheAdviceNamespaceTests" time="0.02"/>
  <testcase name="testClassCheckedException" classname="org.springframework.cache.config.CacheAdviceNamespaceTests" time="0.023"/>
  <testcase name="testUnlessExpression" classname="org.springframework.cache.config.CacheAdviceNamespaceTests" time="0.023"/>
  <testcase name="testEvictAll" classname="org.springframework.cache.config.CacheAdviceNamespaceTests" time="0.018"/>
  <testcase name="testCacheableNull" classname="org.springframework.cache.config.CacheAdviceNamespaceTests" time="0.023"/>
  <testcase name="testCacheableSync" classname="org.springframework.cache.config.CacheAdviceNamespaceTests" time="0.019"/>
  <testcase name="testClassCacheInvalidate" classname="org.springframework.cache.config.CacheAdviceNamespaceTests" time="0.02"/>
  <testcase name="testMultiPut" classname="org.springframework.cache.config.CacheAdviceNamespaceTests" time="0.016"/>
  <testcase name="testUnknownCustomCacheManager" classname="org.springframework.cache.config.CacheAdviceNamespaceTests" time="0.018"/>
  <testcase name="testUncheckedException" classname="org.springframework.cache.config.CacheAdviceNamespaceTests" time="0.019"/>
  <testcase name="testNullValue" classname="org.springframework.cache.config.CacheAdviceNamespaceTests" time="0.018"/>
  <testcase name="testInvalidate" classname="org.springframework.cache.config.CacheAdviceNamespaceTests" time="0.022"/>
  <testcase name="testUpdate" classname="org.springframework.cache.config.CacheAdviceNamespaceTests" time="0.022"/>
  <testcase name="testNullArg" classname="org.springframework.cache.config.CacheAdviceNamespaceTests" time="0.022"/>
  <testcase name="testClassMultiCache" classname="org.springframework.cache.config.CacheAdviceNamespaceTests" time="0.019"/>
  <testcase name="testClassMultiEvict" classname="org.springframework.cache.config.CacheAdviceNamespaceTests" time="0.021"/>
  <system-out><![CDATA[]]></system-out>
  <system-err><![CDATA[java.io.IOException: ef5f7046-173c-44b7-94c9-00cd921c9270
	at org.springframework.cache.config.AnnotatedClassCacheableService.throwCheckedSync(AnnotatedClassCacheableService.java:194)
	at sun.reflect.NativeMethodAccessorImpl.invoke0(Native Method)
	at sun.reflect.NativeMethodAccessorImpl.invoke(NativeMethodAccessorImpl.java:62)
	at sun.reflect.DelegatingMethodAccessorImpl.invoke(DelegatingMethodAccessorImpl.java:43)
	at java.lang.reflect.Method.invoke(Method.java:498)
	at org.springframework.aop.support.AopUtils.invokeJoinpointUsingReflection(AopUtils.java:343)
	at org.springframework.aop.framework.ReflectiveMethodInvocation.invokeJoinpoint(ReflectiveMethodInvocation.java:198)
	at org.springframework.aop.framework.ReflectiveMethodInvocation.proceed(ReflectiveMethodInvocation.java:163)
	at org.springframework.aop.interceptor.AbstractTraceInterceptor.invoke(AbstractTraceInterceptor.java:134)
	at org.springframework.aop.interceptor.DebugInterceptor.invoke(DebugInterceptor.java:63)
	at org.springframework.aop.framework.ReflectiveMethodInvocation.proceed(ReflectiveMethodInvocation.java:186)
	at org.springframework.cache.interceptor.CacheInterceptor.lambda$invoke$0(CacheInterceptor.java:53)
	at org.springframework.cache.interceptor.CacheAspectSupport.execute(CacheAspectSupport.java:352)
	at org.springframework.cache.interceptor.CacheInterceptor.invoke(CacheInterceptor.java:61)
	at org.springframework.aop.framework.ReflectiveMethodInvocation.proceed(ReflectiveMethodInvocation.java:186)
	at org.springframework.aop.interceptor.ExposeInvocationInterceptor.invoke(ExposeInvocationInterceptor.java:93)
	at org.springframework.aop.framework.ReflectiveMethodInvocation.proceed(ReflectiveMethodInvocation.java:186)
	at org.springframework.aop.framework.JdkDynamicAopProxy.invoke(JdkDynamicAopProxy.java:212)
	at com.sun.proxy.$Proxy237.throwCheckedSync(Unknown Source)
	at org.springframework.cache.config.AbstractCacheAnnotationTests.testCheckedThrowableSync(AbstractCacheAnnotationTests.java:355)
	at org.springframework.cache.config.AbstractCacheAnnotationTests.testClassCheckedExceptionSync(AbstractCacheAnnotationTests.java:764)
	at sun.reflect.NativeMethodAccessorImpl.invoke0(Native Method)
	at sun.reflect.NativeMethodAccessorImpl.invoke(NativeMethodAccessorImpl.java:62)
	at sun.reflect.DelegatingMethodAccessorImpl.invoke(DelegatingMethodAccessorImpl.java:43)
	at java.lang.reflect.Method.invoke(Method.java:498)
	at org.junit.runners.model.FrameworkMethod$1.runReflectiveCall(FrameworkMethod.java:50)
	at org.junit.internal.runners.model.ReflectiveCallable.run(ReflectiveCallable.java:12)
	at org.junit.runners.model.FrameworkMethod.invokeExplosively(FrameworkMethod.java:47)
	at org.junit.internal.runners.statements.InvokeMethod.evaluate(InvokeMethod.java:17)
	at org.junit.internal.runners.statements.RunBefores.evaluate(RunBefores.java:26)
	at org.junit.internal.runners.statements.RunAfters.evaluate(RunAfters.java:27)
	at org.junit.runners.ParentRunner.runLeaf(ParentRunner.java:325)
	at org.junit.runners.BlockJUnit4ClassRunner.runChild(BlockJUnit4ClassRunner.java:78)
	at org.junit.runners.BlockJUnit4ClassRunner.runChild(BlockJUnit4ClassRunner.java:57)
	at org.junit.runners.ParentRunner$3.run(ParentRunner.java:290)
	at org.junit.runners.ParentRunner$1.schedule(ParentRunner.java:71)
	at org.junit.runners.ParentRunner.runChildren(ParentRunner.java:288)
	at org.junit.runners.ParentRunner.access$000(ParentRunner.java:58)
	at org.junit.runners.ParentRunner$2.evaluate(ParentRunner.java:268)
	at org.junit.runners.ParentRunner.run(ParentRunner.java:363)
	at org.gradle.api.internal.tasks.testing.junit.JUnitTestClassExecutor.runTestClass(JUnitTestClassExecutor.java:110)
	at org.gradle.api.internal.tasks.testing.junit.JUnitTestClassExecutor.execute(JUnitTestClassExecutor.java:58)
	at org.gradle.api.internal.tasks.testing.junit.JUnitTestClassExecutor.execute(JUnitTestClassExecutor.java:38)
	at org.gradle.api.internal.tasks.testing.junit.AbstractJUnitTestClassProcessor.processTestClass(AbstractJUnitTestClassProcessor.java:62)
	at org.gradle.api.internal.tasks.testing.SuiteTestClassProcessor.processTestClass(SuiteTestClassProcessor.java:51)
	at sun.reflect.GeneratedMethodAccessor54.invoke(Unknown Source)
	at sun.reflect.DelegatingMethodAccessorImpl.invoke(DelegatingMethodAccessorImpl.java:43)
	at java.lang.reflect.Method.invoke(Method.java:498)
	at org.gradle.internal.dispatch.ReflectionDispatch.dispatch(ReflectionDispatch.java:36)
	at org.gradle.internal.dispatch.ReflectionDispatch.dispatch(ReflectionDispatch.java:24)
	at org.gradle.internal.dispatch.ContextClassLoaderDispatch.dispatch(ContextClassLoaderDispatch.java:33)
	at org.gradle.internal.dispatch.ProxyDispatchAdapter$DispatchingInvocationHandler.invoke(ProxyDispatchAdapter.java:94)
	at com.sun.proxy.$Proxy2.processTestClass(Unknown Source)
	at org.gradle.api.internal.tasks.testing.worker.TestWorker.processTestClass(TestWorker.java:118)
	at sun.reflect.GeneratedMethodAccessor53.invoke(Unknown Source)
	at sun.reflect.DelegatingMethodAccessorImpl.invoke(DelegatingMethodAccessorImpl.java:43)
	at java.lang.reflect.Method.invoke(Method.java:498)
	at org.gradle.internal.dispatch.ReflectionDispatch.dispatch(ReflectionDispatch.java:36)
	at org.gradle.internal.dispatch.ReflectionDispatch.dispatch(ReflectionDispatch.java:24)
	at org.gradle.internal.remote.internal.hub.MessageHubBackedObjectConnection$DispatchWrapper.dispatch(MessageHubBackedObjectConnection.java:182)
	at org.gradle.internal.remote.internal.hub.MessageHubBackedObjectConnection$DispatchWrapper.dispatch(MessageHubBackedObjectConnection.java:164)
	at org.gradle.internal.remote.internal.hub.MessageHub$Handler.run(MessageHub.java:412)
	at org.gradle.internal.concurrent.ExecutorPolicy$CatchAndRecordFailures.onExecute(ExecutorPolicy.java:64)
	at org.gradle.internal.concurrent.ManagedExecutorImpl$1.run(ManagedExecutorImpl.java:48)
	at java.util.concurrent.ThreadPoolExecutor.runWorker(ThreadPoolExecutor.java:1149)
	at java.util.concurrent.ThreadPoolExecutor$Worker.run(ThreadPoolExecutor.java:624)
	at org.gradle.internal.concurrent.ThreadFactoryImpl$ManagedThreadRunnable.run(ThreadFactoryImpl.java:56)
	at java.lang.Thread.run(Thread.java:748)
java.io.IOException: bf7f5d21-f80a-4775-b3af-713b33806982
	at org.springframework.cache.config.DefaultCacheableService.throwCheckedSync(DefaultCacheableService.java:203)
	at org.springframework.cache.config.DefaultCacheableService.throwCheckedSync(DefaultCacheableService.java:34)
	at sun.reflect.NativeMethodAccessorImpl.invoke0(Native Method)
	at sun.reflect.NativeMethodAccessorImpl.invoke(NativeMethodAccessorImpl.java:62)
	at sun.reflect.DelegatingMethodAccessorImpl.invoke(DelegatingMethodAccessorImpl.java:43)
	at java.lang.reflect.Method.invoke(Method.java:498)
	at org.springframework.aop.support.AopUtils.invokeJoinpointUsingReflection(AopUtils.java:343)
	at org.springframework.aop.framework.ReflectiveMethodInvocation.invokeJoinpoint(ReflectiveMethodInvocation.java:198)
	at org.springframework.aop.framework.ReflectiveMethodInvocation.proceed(ReflectiveMethodInvocation.java:163)
	at org.springframework.aop.interceptor.AbstractTraceInterceptor.invoke(AbstractTraceInterceptor.java:134)
	at org.springframework.aop.interceptor.DebugInterceptor.invoke(DebugInterceptor.java:63)
	at org.springframework.aop.framework.ReflectiveMethodInvocation.proceed(ReflectiveMethodInvocation.java:186)
	at org.springframework.cache.interceptor.CacheInterceptor.lambda$invoke$0(CacheInterceptor.java:53)
	at org.springframework.cache.interceptor.CacheAspectSupport.execute(CacheAspectSupport.java:352)
	at org.springframework.cache.interceptor.CacheInterceptor.invoke(CacheInterceptor.java:61)
	at org.springframework.aop.framework.ReflectiveMethodInvocation.proceed(ReflectiveMethodInvocation.java:186)
	at org.springframework.aop.interceptor.ExposeInvocationInterceptor.invoke(ExposeInvocationInterceptor.java:93)
	at org.springframework.aop.framework.ReflectiveMethodInvocation.proceed(ReflectiveMethodInvocation.java:186)
	at org.springframework.aop.framework.JdkDynamicAopProxy.invoke(JdkDynamicAopProxy.java:212)
	at com.sun.proxy.$Proxy237.throwCheckedSync(Unknown Source)
	at org.springframework.cache.config.AbstractCacheAnnotationTests.testCheckedThrowableSync(AbstractCacheAnnotationTests.java:355)
	at org.springframework.cache.config.AbstractCacheAnnotationTests.testCheckedExceptionSync(AbstractCacheAnnotationTests.java:759)
	at sun.reflect.NativeMethodAccessorImpl.invoke0(Native Method)
	at sun.reflect.NativeMethodAccessorImpl.invoke(NativeMethodAccessorImpl.java:62)
	at sun.reflect.DelegatingMethodAccessorImpl.invoke(DelegatingMethodAccessorImpl.java:43)
	at java.lang.reflect.Method.invoke(Method.java:498)
	at org.junit.runners.model.FrameworkMethod$1.runReflectiveCall(FrameworkMethod.java:50)
	at org.junit.internal.runners.model.ReflectiveCallable.run(ReflectiveCallable.java:12)
	at org.junit.runners.model.FrameworkMethod.invokeExplosively(FrameworkMethod.java:47)
	at org.junit.internal.runners.statements.InvokeMethod.evaluate(InvokeMethod.java:17)
	at org.junit.internal.runners.statements.RunBefores.evaluate(RunBefores.java:26)
	at org.junit.internal.runners.statements.RunAfters.evaluate(RunAfters.java:27)
	at org.junit.runners.ParentRunner.runLeaf(ParentRunner.java:325)
	at org.junit.runners.BlockJUnit4ClassRunner.runChild(BlockJUnit4ClassRunner.java:78)
	at org.junit.runners.BlockJUnit4ClassRunner.runChild(BlockJUnit4ClassRunner.java:57)
	at org.junit.runners.ParentRunner$3.run(ParentRunner.java:290)
	at org.junit.runners.ParentRunner$1.schedule(ParentRunner.java:71)
	at org.junit.runners.ParentRunner.runChildren(ParentRunner.java:288)
	at org.junit.runners.ParentRunner.access$000(ParentRunner.java:58)
	at org.junit.runners.ParentRunner$2.evaluate(ParentRunner.java:268)
	at org.junit.runners.ParentRunner.run(ParentRunner.java:363)
	at org.gradle.api.internal.tasks.testing.junit.JUnitTestClassExecutor.runTestClass(JUnitTestClassExecutor.java:110)
	at org.gradle.api.internal.tasks.testing.junit.JUnitTestClassExecutor.execute(JUnitTestClassExecutor.java:58)
	at org.gradle.api.internal.tasks.testing.junit.JUnitTestClassExecutor.execute(JUnitTestClassExecutor.java:38)
	at org.gradle.api.internal.tasks.testing.junit.AbstractJUnitTestClassProcessor.processTestClass(AbstractJUnitTestClassProcessor.java:62)
	at org.gradle.api.internal.tasks.testing.SuiteTestClassProcessor.processTestClass(SuiteTestClassProcessor.java:51)
	at sun.reflect.GeneratedMethodAccessor54.invoke(Unknown Source)
	at sun.reflect.DelegatingMethodAccessorImpl.invoke(DelegatingMethodAccessorImpl.java:43)
	at java.lang.reflect.Method.invoke(Method.java:498)
	at org.gradle.internal.dispatch.ReflectionDispatch.dispatch(ReflectionDispatch.java:36)
	at org.gradle.internal.dispatch.ReflectionDispatch.dispatch(ReflectionDispatch.java:24)
	at org.gradle.internal.dispatch.ContextClassLoaderDispatch.dispatch(ContextClassLoaderDispatch.java:33)
	at org.gradle.internal.dispatch.ProxyDispatchAdapter$DispatchingInvocationHandler.invoke(ProxyDispatchAdapter.java:94)
	at com.sun.proxy.$Proxy2.processTestClass(Unknown Source)
	at org.gradle.api.internal.tasks.testing.worker.TestWorker.processTestClass(TestWorker.java:118)
	at sun.reflect.GeneratedMethodAccessor53.invoke(Unknown Source)
	at sun.reflect.DelegatingMethodAccessorImpl.invoke(DelegatingMethodAccessorImpl.java:43)
	at java.lang.reflect.Method.invoke(Method.java:498)
	at org.gradle.internal.dispatch.ReflectionDispatch.dispatch(ReflectionDispatch.java:36)
	at org.gradle.internal.dispatch.ReflectionDispatch.dispatch(ReflectionDispatch.java:24)
	at org.gradle.internal.remote.internal.hub.MessageHubBackedObjectConnection$DispatchWrapper.dispatch(MessageHubBackedObjectConnection.java:182)
	at org.gradle.internal.remote.internal.hub.MessageHubBackedObjectConnection$DispatchWrapper.dispatch(MessageHubBackedObjectConnection.java:164)
	at org.gradle.internal.remote.internal.hub.MessageHub$Handler.run(MessageHub.java:412)
	at org.gradle.internal.concurrent.ExecutorPolicy$CatchAndRecordFailures.onExecute(ExecutorPolicy.java:64)
	at org.gradle.internal.concurrent.ManagedExecutorImpl$1.run(ManagedExecutorImpl.java:48)
	at java.util.concurrent.ThreadPoolExecutor.runWorker(ThreadPoolExecutor.java:1149)
	at java.util.concurrent.ThreadPoolExecutor$Worker.run(ThreadPoolExecutor.java:624)
	at org.gradle.internal.concurrent.ThreadFactoryImpl$ManagedThreadRunnable.run(ThreadFactoryImpl.java:56)
	at java.lang.Thread.run(Thread.java:748)
]]></system-err>
</testsuite>
