<?xml version="1.0" encoding="UTF-8"?>
<testsuite name="org.springframework.context.annotation.ConfigurationClassAndBFPPTests" tests="3" skipped="0" failures="0" errors="0" timestamp="2022-07-04T14:54:57" hostname="guoyingongdeMBP" time="0.017">
  <properties/>
  <testcase name="autowiringSucceedsWithBFPPAsStaticMethod" classname="org.springframework.context.annotation.ConfigurationClassAndBFPPTests" time="0.008"/>
  <testcase name="autowiringFailsWithBFPPAsInstanceMethod" classname="org.springframework.context.annotation.ConfigurationClassAndBFPPTests" time="0.005"/>
  <testcase name="staticBeanMethodsDoNotRespectScoping" classname="org.springframework.context.annotation.ConfigurationClassAndBFPPTests" time="0.003"/>
  <system-out><![CDATA[]]></system-out>
  <system-err><![CDATA[]]></system-err>
</testsuite>
