<?xml version="1.0" encoding="UTF-8"?>
<testsuite name="org.springframework.scheduling.concurrent.ThreadPoolExecutorFactoryBeanTests" tests="1" skipped="0" failures="0" errors="0" timestamp="2022-07-04T14:55:20" hostname="guoyingongdeMBP" time="0.021">
  <properties/>
  <testcase name="defaultExecutor" classname="org.springframework.scheduling.concurrent.ThreadPoolExecutorFactoryBeanTests" time="0.021"/>
  <system-out><![CDATA[]]></system-out>
  <system-err><![CDATA[]]></system-err>
</testsuite>
