<?xml version="1.0" encoding="UTF-8"?>
<testsuite name="org.springframework.context.annotation.ComponentScanParserBeanDefinitionDefaultsTests" tests="12" skipped="0" failures="0" errors="0" timestamp="2022-07-04T14:54:59" hostname="guoyingongdeMBP" time="1.587">
  <properties/>
  <testcase name="testDefaultInitAndDestroyMethodsDefined" classname="org.springframework.context.annotation.ComponentScanParserBeanDefinitionDefaultsTests" time="0.157"/>
  <testcase name="testDefaultNonExistingInitAndDestroyMethodsDefined" classname="org.springframework.context.annotation.ComponentScanParserBeanDefinitionDefaultsTests" time="0.14"/>
  <testcase name="testDefaultAutowire" classname="org.springframework.context.annotation.ComponentScanParserBeanDefinitionDefaultsTests" time="0.141"/>
  <testcase name="testLazyInitFalse" classname="org.springframework.context.annotation.ComponentScanParserBeanDefinitionDefaultsTests" time="0.126"/>
  <testcase name="testAutowireNo" classname="org.springframework.context.annotation.ComponentScanParserBeanDefinitionDefaultsTests" time="0.138"/>
  <testcase name="testDefaultDependencyCheck" classname="org.springframework.context.annotation.ComponentScanParserBeanDefinitionDefaultsTests" time="0.128"/>
  <testcase name="testDefaultLazyInit" classname="org.springframework.context.annotation.ComponentScanParserBeanDefinitionDefaultsTests" time="0.129"/>
  <testcase name="testDefaultInitAndDestroyMethodsNotDefined" classname="org.springframework.context.annotation.ComponentScanParserBeanDefinitionDefaultsTests" time="0.125"/>
  <testcase name="testAutowireByName" classname="org.springframework.context.annotation.ComponentScanParserBeanDefinitionDefaultsTests" time="0.136"/>
  <testcase name="testAutowireByType" classname="org.springframework.context.annotation.ComponentScanParserBeanDefinitionDefaultsTests" time="0.126"/>
  <testcase name="testAutowireConstructor" classname="org.springframework.context.annotation.ComponentScanParserBeanDefinitionDefaultsTests" time="0.119"/>
  <testcase name="testLazyInitTrue" classname="org.springframework.context.annotation.ComponentScanParserBeanDefinitionDefaultsTests" time="0.12"/>
  <system-out><![CDATA[22:55:00.998 [Test worker] WARN  o.s.c.s.GenericApplicationContext - Exception encountered during context initialization - cancelling refresh attempt: org.springframework.beans.factory.UnsatisfiedDependencyException: Error creating bean with name 'componentScanParserBeanDefinitionDefaultsTests.DefaultsTestBean' defined in file [/Users/pamella/IdeaProjects/spring-framework-5.1.x/spring-context/build/classes/java/test/org/springframework/context/annotation/ComponentScanParserBeanDefinitionDefaultsTests$DefaultsTestBean.class]: Unsatisfied dependency expressed through bean property 'propertyDependency1'; nested exception is org.springframework.beans.factory.NoUniqueBeanDefinitionException: No qualifying bean of type 'org.springframework.context.annotation.ComponentScanParserBeanDefinitionDefaultsTests$PropertyDependencyTestBean' available: expected single matching bean but found 2: org.springframework.context.annotation.ComponentScanParserBeanDefinitionDefaultsTests$PropertyDependencyTestBean#0,propertyDependency2
]]></system-out>
  <system-err><![CDATA[]]></system-err>
</testsuite>
