<?xml version="1.0" encoding="UTF-8"?>
<testsuite name="org.springframework.aop.config.PrototypeProxyTests" tests="1" skipped="0" failures="0" errors="0" timestamp="2022-07-04T14:55:28" hostname="guoyingongdeMBP" time="0.01">
  <properties/>
  <testcase name="testInjectionBeforeWrappingCheckDoesNotKickInForPrototypeProxy" classname="org.springframework.aop.config.PrototypeProxyTests" time="0.01"/>
  <system-out><![CDATA[]]></system-out>
  <system-err><![CDATA[]]></system-err>
</testsuite>
