<?xml version="1.0" encoding="UTF-8"?>
<testsuite name="org.springframework.scheduling.config.LazyScheduledTasksBeanDefinitionParserTests" tests="1" skipped="0" failures="0" errors="0" timestamp="2022-07-04T14:55:19" hostname="guoyingongdeMBP" time="0.04">
  <properties/>
  <testcase name="checkTarget" classname="org.springframework.scheduling.config.LazyScheduledTasksBeanDefinitionParserTests" time="0.04"/>
  <system-out><![CDATA[]]></system-out>
  <system-err><![CDATA[]]></system-err>
</testsuite>
