<?xml version="1.0" encoding="UTF-8"?>
<testsuite name="org.springframework.context.expression.EnvironmentAccessorIntegrationTests" tests="1" skipped="0" failures="0" errors="0" timestamp="2022-07-04T14:55:07" hostname="guoyingongdeMBP" time="0.004">
  <properties/>
  <testcase name="braceAccess" classname="org.springframework.context.expression.EnvironmentAccessorIntegrationTests" time="0.004"/>
  <system-out><![CDATA[]]></system-out>
  <system-err><![CDATA[]]></system-err>
</testsuite>
