<?xml version="1.0" encoding="UTF-8"?>
<testsuite name="org.springframework.aop.aspectj.ImplicitJPArgumentMatchingTests" tests="1" skipped="0" failures="0" errors="0" timestamp="2022-07-04T14:55:29" hostname="guoyingongdeMBP" time="0.02">
  <properties/>
  <testcase name="testAspect" classname="org.springframework.aop.aspectj.ImplicitJPArgumentMatchingTests" time="0.02"/>
  <system-out><![CDATA[]]></system-out>
  <system-err><![CDATA[]]></system-err>
</testsuite>
