<?xml version="1.0" encoding="UTF-8"?>
<testsuite name="org.springframework.context.support.EnvironmentIntegrationTests" tests="1" skipped="0" failures="0" errors="0" timestamp="2022-07-04T14:55:03" hostname="guoyingongdeMBP" time="0.002">
  <properties/>
  <testcase name="repro" classname="org.springframework.context.support.EnvironmentIntegrationTests" time="0.002"/>
  <system-out><![CDATA[]]></system-out>
  <system-err><![CDATA[]]></system-err>
</testsuite>
