<?xml version="1.0" encoding="UTF-8"?>
<testsuite name="org.springframework.context.annotation.Spr8954Tests" tests="2" skipped="0" failures="0" errors="0" timestamp="2022-07-04T14:54:58" hostname="guoyingongdeMBP" time="0.004">
  <properties/>
  <testcase name="repro" classname="org.springframework.context.annotation.Spr8954Tests" time="0.003"/>
  <testcase name="findsBeansByTypeIfNotInstantiated" classname="org.springframework.context.annotation.Spr8954Tests" time="0.001"/>
  <system-out><![CDATA[]]></system-out>
  <system-err><![CDATA[]]></system-err>
</testsuite>
