<?xml version="1.0" encoding="UTF-8"?>
<testsuite name="org.springframework.context.annotation.configuration.spr8955.Spr8955Tests" tests="1" skipped="0" failures="0" errors="0" timestamp="2022-07-04T14:54:50" hostname="guoyingongdeMBP" time="0.005">
  <properties/>
  <testcase name="repro" classname="org.springframework.context.annotation.configuration.spr8955.Spr8955Tests" time="0.005"/>
  <system-out><![CDATA[]]></system-out>
  <system-err><![CDATA[]]></system-err>
</testsuite>
