<?xml version="1.0" encoding="UTF-8"?>
<testsuite name="org.springframework.context.annotation.configuration.ConfigurationClassAspectIntegrationTests" tests="3" skipped="0" failures="0" errors="0" timestamp="2022-07-04T14:54:50" hostname="guoyingongdeMBP" time="0.141">
  <properties/>
  <testcase name="configurationIncludesAspect" classname="org.springframework.context.annotation.configuration.ConfigurationClassAspectIntegrationTests" time="0.072"/>
  <testcase name="withInnerClassAndLambdaExpression" classname="org.springframework.context.annotation.configuration.ConfigurationClassAspectIntegrationTests" time="0.021"/>
  <testcase name="aspectAnnotatedConfiguration" classname="org.springframework.context.annotation.configuration.ConfigurationClassAspectIntegrationTests" time="0.048"/>
  <system-out><![CDATA[]]></system-out>
  <system-err><![CDATA[]]></system-err>
</testsuite>
