<?xml version="1.0" encoding="UTF-8"?>
<testsuite name="org.springframework.context.annotation.Spr12278Tests" tests="3" skipped="0" failures="0" errors="0" timestamp="2022-07-04T14:54:57" hostname="guoyingongdeMBP" time="0.013">
  <properties/>
  <testcase name="componentTwoConstructorsNoHint" classname="org.springframework.context.annotation.Spr12278Tests" time="0.005"/>
  <testcase name="componentTwoSpecificConstructorsNoHint" classname="org.springframework.context.annotation.Spr12278Tests" time="0.005"/>
  <testcase name="componentSingleConstructor" classname="org.springframework.context.annotation.Spr12278Tests" time="0.003"/>
  <system-out><![CDATA[22:54:57.539 [Test worker] WARN  o.s.c.a.AnnotationConfigApplicationContext - Exception encountered during context initialization - cancelling refresh attempt: org.springframework.beans.factory.BeanCreationException: Error creating bean with name 'spr12278Tests.TwoSpecificConstructorsComponent': Instantiation of bean failed; nested exception is org.springframework.beans.BeanInstantiationException: Failed to instantiate [org.springframework.context.annotation.Spr12278Tests$TwoSpecificConstructorsComponent]: No default constructor found; nested exception is java.lang.NoSuchMethodException: org.springframework.context.annotation.Spr12278Tests$TwoSpecificConstructorsComponent.<init>()
]]></system-out>
  <system-err><![CDATA[]]></system-err>
</testsuite>
