<?xml version="1.0" encoding="UTF-8"?>
<testsuite name="org.springframework.aop.aspectj.autoproxy.AnnotationPointcutTests" tests="2" skipped="0" failures="0" errors="0" timestamp="2022-07-04T14:55:29" hostname="guoyingongdeMBP" time="0.016">
  <properties/>
  <testcase name="testAnnotationBindingInAroundAdvice" classname="org.springframework.aop.aspectj.autoproxy.AnnotationPointcutTests" time="0.009"/>
  <testcase name="testNoMatchingWithoutAnnotationPresent" classname="org.springframework.aop.aspectj.autoproxy.AnnotationPointcutTests" time="0.007"/>
  <system-out><![CDATA[]]></system-out>
  <system-err><![CDATA[]]></system-err>
</testsuite>
