<?xml version="1.0" encoding="UTF-8"?>
<testsuite name="org.springframework.aop.aspectj.BeanNamePointcutAtAspectTests" tests="3" skipped="0" failures="0" errors="0" timestamp="2022-07-04T14:55:29" hostname="guoyingongdeMBP" time="0.021">
  <properties/>
  <testcase name="testMatchingBeanName" classname="org.springframework.aop.aspectj.BeanNamePointcutAtAspectTests" time="0.006"/>
  <testcase name="testProgrammaticProxyCreation" classname="org.springframework.aop.aspectj.BeanNamePointcutAtAspectTests" time="0.009"/>
  <testcase name="testNonMatchingBeanName" classname="org.springframework.aop.aspectj.BeanNamePointcutAtAspectTests" time="0.006"/>
  <system-out><![CDATA[]]></system-out>
  <system-err><![CDATA[]]></system-err>
</testsuite>
