<?xml version="1.0" encoding="UTF-8"?>
<testsuite name="org.springframework.context.annotation.ImportAwareTests" tests="6" skipped="0" failures="0" errors="0" timestamp="2022-07-04T14:54:57" hostname="guoyingongdeMBP" time="0.047">
  <properties/>
  <testcase name="directlyAnnotatedWithImport" classname="org.springframework.context.annotation.ImportAwareTests" time="0.009"/>
  <testcase name="metadataFromImportsTwoThenOne" classname="org.springframework.context.annotation.ImportAwareTests" time="0.013"/>
  <testcase name="indirectlyAnnotatedWithImport" classname="org.springframework.context.annotation.ImportAwareTests" time="0.006"/>
  <testcase name="importRegistrar" classname="org.springframework.context.annotation.ImportAwareTests" time="0.007"/>
  <testcase name="importRegistrarWithImport" classname="org.springframework.context.annotation.ImportAwareTests" time="0.008"/>
  <testcase name="metadataFromImportsOneThenTwo" classname="org.springframework.context.annotation.ImportAwareTests" time="0.003"/>
  <system-out><![CDATA[]]></system-out>
  <system-err><![CDATA[]]></system-err>
</testsuite>
