<?xml version="1.0" encoding="UTF-8"?>
<testsuite name="org.springframework.scripting.groovy.GroovyClassLoadingTests" tests="1" skipped="0" failures="0" errors="0" timestamp="2022-07-04T14:55:08" hostname="guoyingongdeMBP" time="0.016">
  <properties/>
  <testcase name="classLoading" classname="org.springframework.scripting.groovy.GroovyClassLoadingTests" time="0.016"/>
  <system-out><![CDATA[]]></system-out>
  <system-err><![CDATA[]]></system-err>
</testsuite>
