<?xml version="1.0" encoding="UTF-8"?>
<testsuite name="org.springframework.context.annotation.SimpleScanTests" tests="1" skipped="0" failures="0" errors="0" timestamp="2022-07-04T14:54:48" hostname="guoyingongdeMBP" time="0.245">
  <properties/>
  <testcase name="testFooService" classname="org.springframework.context.annotation.SimpleScanTests" time="0.245"/>
  <system-out><![CDATA[]]></system-out>
  <system-err><![CDATA[]]></system-err>
</testsuite>
