<?xml version="1.0" encoding="UTF-8"?>
<testsuite name="org.springframework.aop.aspectj.generic.AfterReturningGenericTypeMatchingTests" tests="4" skipped="0" failures="0" errors="0" timestamp="2022-07-04T14:55:30" hostname="guoyingongdeMBP" time="0.039">
  <properties/>
  <testcase name="testReturnTypeLowerBoundMatching" classname="org.springframework.aop.aspectj.generic.AfterReturningGenericTypeMatchingTests" time="0.018"/>
  <testcase name="testReturnTypeUpperBoundMatching" classname="org.springframework.aop.aspectj.generic.AfterReturningGenericTypeMatchingTests" time="0.007"/>
  <testcase name="testReturnTypeRawMatching" classname="org.springframework.aop.aspectj.generic.AfterReturningGenericTypeMatchingTests" time="0.007"/>
  <testcase name="testReturnTypeExactMatching" classname="org.springframework.aop.aspectj.generic.AfterReturningGenericTypeMatchingTests" time="0.007"/>
  <system-out><![CDATA[]]></system-out>
  <system-err><![CDATA[]]></system-err>
</testsuite>
