<?xml version="1.0" encoding="UTF-8"?>
<testsuite name="org.springframework.context.annotation.configuration.ConfigurationBeanNameTests" tests="3" skipped="0" failures="0" errors="0" timestamp="2022-07-04T14:54:50" hostname="guoyingongdeMBP" time="0.017">
  <properties/>
  <testcase name="registerNestedConfig" classname="org.springframework.context.annotation.configuration.ConfigurationBeanNameTests" time="0.003"/>
  <testcase name="registerOuterConfig" classname="org.springframework.context.annotation.configuration.ConfigurationBeanNameTests" time="0.009"/>
  <testcase name="registerOuterConfig_withBeanNameGenerator" classname="org.springframework.context.annotation.configuration.ConfigurationBeanNameTests" time="0.005"/>
  <system-out><![CDATA[]]></system-out>
  <system-err><![CDATA[]]></system-err>
</testsuite>
