<?xml version="1.0" encoding="UTF-8"?>
<testsuite name="org.springframework.aop.aspectj.generic.GenericParameterMatchingTests" tests="3" skipped="0" failures="0" errors="0" timestamp="2022-07-04T14:55:30" hostname="guoyingongdeMBP" time="0.038">
  <properties/>
  <testcase name="testGenericInterfaceSubtypeGenericCollectionArgExecution" classname="org.springframework.aop.aspectj.generic.GenericParameterMatchingTests" time="0.015"/>
  <testcase name="testGenericInterfaceGenericArgExecution" classname="org.springframework.aop.aspectj.generic.GenericParameterMatchingTests" time="0.013"/>
  <testcase name="testGenericInterfaceGenericCollectionArgExecution" classname="org.springframework.aop.aspectj.generic.GenericParameterMatchingTests" time="0.01"/>
  <system-out><![CDATA[]]></system-out>
  <system-err><![CDATA[]]></system-err>
</testsuite>
