<?xml version="1.0" encoding="UTF-8"?>
<testsuite name="org.springframework.context.annotation.Spr16022Tests" tests="2" skipped="0" failures="0" errors="0" timestamp="2022-07-04T14:55:33" hostname="guoyingongdeMBP" time="0.538">
  <properties/>
  <testcase name="Register beans with multiple constructors with AnnotationConfigApplicationContext" classname="org.springframework.context.annotation.Spr16022Tests" time="0.529"/>
  <testcase name="Register beans with multiple constructors with ClassPathXmlApplicationContext" classname="org.springframework.context.annotation.Spr16022Tests" time="0.009"/>
  <system-out><![CDATA[]]></system-out>
  <system-err><![CDATA[]]></system-err>
</testsuite>
