<?xml version="1.0" encoding="UTF-8"?>
<testsuite name="org.springframework.scheduling.config.ScheduledTasksBeanDefinitionParserTests" tests="6" skipped="0" failures="0" errors="0" timestamp="2022-07-04T14:55:19" hostname="guoyingongdeMBP" time="0.078">
  <properties/>
  <testcase name="fixedDelayTasks" classname="org.springframework.scheduling.config.ScheduledTasksBeanDefinitionParserTests" time="0.026"/>
  <testcase name="triggerTasks" classname="org.springframework.scheduling.config.ScheduledTasksBeanDefinitionParserTests" time="0.014"/>
  <testcase name="fixedRateTasks" classname="org.springframework.scheduling.config.ScheduledTasksBeanDefinitionParserTests" time="0.01"/>
  <testcase name="checkTarget" classname="org.springframework.scheduling.config.ScheduledTasksBeanDefinitionParserTests" time="0.01"/>
  <testcase name="cronTasks" classname="org.springframework.scheduling.config.ScheduledTasksBeanDefinitionParserTests" time="0.009"/>
  <testcase name="checkScheduler" classname="org.springframework.scheduling.config.ScheduledTasksBeanDefinitionParserTests" time="0.009"/>
  <system-out><![CDATA[]]></system-out>
  <system-err><![CDATA[]]></system-err>
</testsuite>
