<?xml version="1.0" encoding="UTF-8"?>
<testsuite name="org.springframework.context.support.EnvironmentSecurityManagerIntegrationTests" tests="2" skipped="0" failures="0" errors="0" timestamp="2022-07-04T14:55:05" hostname="guoyingongdeMBP" time="0.021">
  <properties/>
  <testcase name="securityManagerDisallowsAccessToSystemEnvironmentAndDisallowsAccessToIndividualKey" classname="org.springframework.context.support.EnvironmentSecurityManagerIntegrationTests" time="0.02"/>
  <testcase name="securityManagerDisallowsAccessToSystemEnvironmentButAllowsAccessToIndividualKeys" classname="org.springframework.context.support.EnvironmentSecurityManagerIntegrationTests" time="0.001"/>
  <system-out><![CDATA[]]></system-out>
  <system-err><![CDATA[]]></system-err>
</testsuite>
