<?xml version="1.0" encoding="UTF-8"?>
<testsuite name="org.springframework.context.annotation.AggressiveFactoryBeanInstantiationTests" tests="2" skipped="0" failures="0" errors="0" timestamp="2022-07-04T14:54:59" hostname="guoyingongdeMBP" time="0.007">
  <properties/>
  <testcase name="directlyRegisteredFactoryBean" classname="org.springframework.context.annotation.AggressiveFactoryBeanInstantiationTests" time="0.003"/>
  <testcase name="beanMethodFactoryBean" classname="org.springframework.context.annotation.AggressiveFactoryBeanInstantiationTests" time="0.004"/>
  <system-out><![CDATA[]]></system-out>
  <system-err><![CDATA[]]></system-err>
</testsuite>
