<?xml version="1.0" encoding="UTF-8"?>
<testsuite name="org.springframework.context.groovy.GroovyApplicationContextTests" tests="4" skipped="0" failures="0" errors="0" timestamp="2022-07-04T14:55:06" hostname="guoyingongdeMBP" time="0.617">
  <properties/>
  <testcase name="testLoadingMultipleConfigFiles" classname="org.springframework.context.groovy.GroovyApplicationContextTests" time="0.574"/>
  <testcase name="testLoadingMultipleConfigFilesWithRelativeClass" classname="org.springframework.context.groovy.GroovyApplicationContextTests" time="0.024"/>
  <testcase name="testConfigFileParsingError" classname="org.springframework.context.groovy.GroovyApplicationContextTests" time="0.006"/>
  <testcase name="testLoadingConfigFile" classname="org.springframework.context.groovy.GroovyApplicationContextTests" time="0.013"/>
  <system-out><![CDATA[]]></system-out>
  <system-err><![CDATA[]]></system-err>
</testsuite>
