<?xml version="1.0" encoding="UTF-8"?>
<testsuite name="org.springframework.context.annotation.configuration.AutowiredConfigurationTests" tests="15" skipped="0" failures="0" errors="0" timestamp="2022-07-04T14:54:50" hostname="guoyingongdeMBP" time="0.251">
  <properties/>
  <testcase name="testAutowiredConfigurationDependencies" classname="org.springframework.context.annotation.configuration.AutowiredConfigurationTests" time="0.018"/>
  <testcase name="testValueInjectionWithProviderFields" classname="org.springframework.context.annotation.configuration.AutowiredConfigurationTests" time="0.075"/>
  <testcase name="testValueInjectionWithProviderConstructorArguments" classname="org.springframework.context.annotation.configuration.AutowiredConfigurationTests" time="0.005"/>
  <testcase name="testAutowiredConfigurationMethodDependencies" classname="org.springframework.context.annotation.configuration.AutowiredConfigurationTests" time="0.006"/>
  <testcase name="testAutowiredSingleConstructorSupported" classname="org.springframework.context.annotation.configuration.AutowiredConfigurationTests" time="0.013"/>
  <testcase name="testValueInjectionWithAliasedMetaAnnotation" classname="org.springframework.context.annotation.configuration.AutowiredConfigurationTests" time="0.014"/>
  <testcase name="testObjectFactoryConstructorWithTypeVariable" classname="org.springframework.context.annotation.configuration.AutowiredConfigurationTests" time="0.015"/>
  <testcase name="testAutowiredAnnotatedConstructorSupported" classname="org.springframework.context.annotation.configuration.AutowiredConfigurationTests" time="0.012"/>
  <testcase name="testValueInjectionWithMetaAnnotation" classname="org.springframework.context.annotation.configuration.AutowiredConfigurationTests" time="0.011"/>
  <testcase name="testAutowiredConfigurationMethodDependenciesWithOptionalAndAvailable" classname="org.springframework.context.annotation.configuration.AutowiredConfigurationTests" time="0.007"/>
  <testcase name="testValueInjectionWithProviderMethodArguments" classname="org.springframework.context.annotation.configuration.AutowiredConfigurationTests" time="0.01"/>
  <testcase name="testCustomPropertiesWithGenericContext" classname="org.springframework.context.annotation.configuration.AutowiredConfigurationTests" time="0.021"/>
  <testcase name="testAutowiredConfigurationMethodDependenciesWithOptionalAndNotAvailable" classname="org.springframework.context.annotation.configuration.AutowiredConfigurationTests" time="0.002"/>
  <testcase name="testValueInjection" classname="org.springframework.context.annotation.configuration.AutowiredConfigurationTests" time="0.023"/>
  <testcase name="testCustomPropertiesWithClassPathContext" classname="org.springframework.context.annotation.configuration.AutowiredConfigurationTests" time="0.016"/>
  <system-out><![CDATA[]]></system-out>
  <system-err><![CDATA[]]></system-err>
</testsuite>
