<?xml version="1.0" encoding="UTF-8"?>
<testsuite name="org.springframework.jmx.export.annotation.EnableMBeanExportConfigurationTests" tests="8" skipped="0" failures="0" errors="0" timestamp="2022-07-04T14:55:26" hostname="guoyingongdeMBP" time="0.095">
  <properties/>
  <testcase name="testOnlyTargetClassIsExposed" classname="org.springframework.jmx.export.annotation.EnableMBeanExportConfigurationTests" time="0.022"/>
  <testcase name="testComponentScan" classname="org.springframework.jmx.export.annotation.EnableMBeanExportConfigurationTests" time="0.015"/>
  <testcase name="testPackagePrivateClassExtensionCanBeExposed" classname="org.springframework.jmx.export.annotation.EnableMBeanExportConfigurationTests" time="0.012"/>
  <testcase name="testPackagePrivateExtensionCantBeExposed" classname="org.springframework.jmx.export.annotation.EnableMBeanExportConfigurationTests" time="0.008"/>
  <testcase name="testLazyNaming" classname="org.springframework.jmx.export.annotation.EnableMBeanExportConfigurationTests" time="0.009"/>
  <testcase name="testLazyAssembling" classname="org.springframework.jmx.export.annotation.EnableMBeanExportConfigurationTests" time="0.013"/>
  <testcase name="testPlaceholderBased" classname="org.springframework.jmx.export.annotation.EnableMBeanExportConfigurationTests" time="0.009"/>
  <testcase name="testPackagePrivateImplementationCantBeExposed" classname="org.springframework.jmx.export.annotation.EnableMBeanExportConfigurationTests" time="0.007"/>
  <system-out><![CDATA[]]></system-out>
  <system-err><![CDATA[]]></system-err>
</testsuite>
