<?xml version="1.0" encoding="UTF-8"?>
<testsuite name="org.springframework.jmx.support.MBeanServerConnectionFactoryBeanTests" tests="4" skipped="2" failures="0" errors="0" timestamp="2022-07-04T14:55:25" hostname="guoyingongdeMBP" time="0.01">
  <properties/>
  <testcase name="testTestWithLazyConnection" classname="org.springframework.jmx.support.MBeanServerConnectionFactoryBeanTests" time="0.0">
    <skipped/>
  </testcase>
  <testcase name="testWithNoServiceUrl" classname="org.springframework.jmx.support.MBeanServerConnectionFactoryBeanTests" time="0.002"/>
  <testcase name="testTestValidConnection" classname="org.springframework.jmx.support.MBeanServerConnectionFactoryBeanTests" time="0.0">
    <skipped/>
  </testcase>
  <testcase name="testWithLazyConnectionAndNoAccess" classname="org.springframework.jmx.support.MBeanServerConnectionFactoryBeanTests" time="0.008"/>
  <system-out><![CDATA[]]></system-out>
  <system-err><![CDATA[]]></system-err>
</testsuite>
