<?xml version="1.0" encoding="UTF-8"?>
<testsuite name="org.springframework.context.annotation.ComponentScanParserTests" tests="8" skipped="0" failures="0" errors="0" timestamp="2022-07-04T14:54:57" hostname="guoyingongdeMBP" time="0.558">
  <properties/>
  <testcase name="componentScanWithAutowiredQualifier" classname="org.springframework.context.annotation.ComponentScanParserTests" time="0.019"/>
  <testcase name="customTypeFilter" classname="org.springframework.context.annotation.ComponentScanParserTests" time="0.159"/>
  <testcase name="aspectjTypeFilter" classname="org.springframework.context.annotation.ComponentScanParserTests" time="0.017"/>
  <testcase name="componentScanRespectsProfileAnnotation" classname="org.springframework.context.annotation.ComponentScanParserTests" time="0.028"/>
  <testcase name="aspectjTypeFilterWithPlaceholders" classname="org.springframework.context.annotation.ComponentScanParserTests" time="0.044"/>
  <testcase name="matchingResourcePattern" classname="org.springframework.context.annotation.ComponentScanParserTests" time="0.016"/>
  <testcase name="nonMatchingResourcePattern" classname="org.springframework.context.annotation.ComponentScanParserTests" time="0.134"/>
  <testcase name="customAnnotationUsedForBothComponentScanAndQualifier" classname="org.springframework.context.annotation.ComponentScanParserTests" time="0.141"/>
  <system-out><![CDATA[]]></system-out>
  <system-err><![CDATA[]]></system-err>
</testsuite>
