<?xml version="1.0" encoding="UTF-8"?>
<testsuite name="org.springframework.aop.aspectj.generic.GenericBridgeMethodMatchingClassProxyTests" tests="4" skipped="0" failures="0" errors="0" timestamp="2022-07-04T14:55:30" hostname="guoyingongdeMBP" time="0.037">
  <properties/>
  <testcase name="testGenericBaseInterfaceMethodThroughClass" classname="org.springframework.aop.aspectj.generic.GenericBridgeMethodMatchingClassProxyTests" time="0.015"/>
  <testcase name="testGenericDerivedInterfaceMethodThroughClass" classname="org.springframework.aop.aspectj.generic.GenericBridgeMethodMatchingClassProxyTests" time="0.007"/>
  <testcase name="testGenericBaseInterfaceMethodThroughInterface" classname="org.springframework.aop.aspectj.generic.GenericBridgeMethodMatchingClassProxyTests" time="0.007"/>
  <testcase name="testGenericDerivedInterfaceMethodThroughInterface" classname="org.springframework.aop.aspectj.generic.GenericBridgeMethodMatchingClassProxyTests" time="0.008"/>
  <system-out><![CDATA[]]></system-out>
  <system-err><![CDATA[]]></system-err>
</testsuite>
