<?xml version="1.0" encoding="UTF-8"?>
<testsuite name="org.springframework.context.annotation.spr12233.Spr12233Tests" tests="1" skipped="0" failures="0" errors="0" timestamp="2022-07-04T14:54:58" hostname="guoyingongdeMBP" time="0.006">
  <properties/>
  <testcase name="spr12233" classname="org.springframework.context.annotation.spr12233.Spr12233Tests" time="0.006"/>
  <system-out><![CDATA[]]></system-out>
  <system-err><![CDATA[]]></system-err>
</testsuite>
