<?xml version="1.0" encoding="UTF-8"?>
<testsuite name="org.springframework.context.annotation.ConfigurationWithFactoryBeanAndAutowiringTests" tests="7" skipped="0" failures="0" errors="0" timestamp="2022-07-04T14:54:57" hostname="guoyingongdeMBP" time="0.047">
  <properties/>
  <testcase name="withConcreteFactoryBeanImplementationAsReturnType" classname="org.springframework.context.annotation.ConfigurationWithFactoryBeanAndAutowiringTests" time="0.009"/>
  <testcase name="withParameterizedFactoryBeanInterfaceAsReturnType" classname="org.springframework.context.annotation.ConfigurationWithFactoryBeanAndAutowiringTests" time="0.006"/>
  <testcase name="withFactoryBeanCallingBean" classname="org.springframework.context.annotation.ConfigurationWithFactoryBeanAndAutowiringTests" time="0.011"/>
  <testcase name="withParameterizedFactoryBeanImplementationAsReturnType" classname="org.springframework.context.annotation.ConfigurationWithFactoryBeanAndAutowiringTests" time="0.006"/>
  <testcase name="withWildcardParameterizedFactoryBeanInterfaceAsReturnType" classname="org.springframework.context.annotation.ConfigurationWithFactoryBeanAndAutowiringTests" time="0.005"/>
  <testcase name="withRawFactoryBeanInterfaceAsReturnType" classname="org.springframework.context.annotation.ConfigurationWithFactoryBeanAndAutowiringTests" time="0.004"/>
  <testcase name="withNonPublicParameterizedFactoryBeanInterfaceAsReturnType" classname="org.springframework.context.annotation.ConfigurationWithFactoryBeanAndAutowiringTests" time="0.005"/>
  <system-out><![CDATA[]]></system-out>
  <system-err><![CDATA[]]></system-err>
</testsuite>
