<?xml version="1.0" encoding="UTF-8"?>
<testsuite name="org.springframework.scripting.bsh.BshScriptFactoryTests" tests="18" skipped="0" failures="0" errors="0" timestamp="2022-07-04T14:55:12" hostname="guoyingongdeMBP" time="1.648">
  <properties/>
  <testcase name="scriptCompilationException" classname="org.springframework.scripting.bsh.BshScriptFactoryTests" time="0.087"/>
  <testcase name="scriptThatCompilesButIsJustPlainBad" classname="org.springframework.scripting.bsh.BshScriptFactoryTests" time="0.018"/>
  <testcase name="staticPrototypeScript" classname="org.springframework.scripting.bsh.BshScriptFactoryTests" time="0.137"/>
  <testcase name="resourceScriptFromTag" classname="org.springframework.scripting.bsh.BshScriptFactoryTests" time="0.154"/>
  <testcase name="prototypeScriptFromTag" classname="org.springframework.scripting.bsh.BshScriptFactoryTests" time="0.152"/>
  <testcase name="staticScriptWithNullReturnValue" classname="org.springframework.scripting.bsh.BshScriptFactoryTests" time="0.144"/>
  <testcase name="staticWithScriptReturningInstance" classname="org.springframework.scripting.bsh.BshScriptFactoryTests" time="0.132"/>
  <testcase name="staticScriptWithTwoInterfacesSpecified" classname="org.springframework.scripting.bsh.BshScriptFactoryTests" time="0.119"/>
  <testcase name="staticScriptImplementingInterface" classname="org.springframework.scripting.bsh.BshScriptFactoryTests" time="0.114"/>
  <testcase name="inlineScriptFromTag" classname="org.springframework.scripting.bsh.BshScriptFactoryTests" time="0.114"/>
  <testcase name="ctorWithWhitespacedScriptSourceLocator" classname="org.springframework.scripting.bsh.BshScriptFactoryTests" time="0.0"/>
  <testcase name="ctorWithNullScriptSourceLocator" classname="org.springframework.scripting.bsh.BshScriptFactoryTests" time="0.0"/>
  <testcase name="applicationEventListener" classname="org.springframework.scripting.bsh.BshScriptFactoryTests" time="0.148"/>
  <testcase name="staticScript" classname="org.springframework.scripting.bsh.BshScriptFactoryTests" time="0.138"/>
  <testcase name="refreshableFromTag" classname="org.springframework.scripting.bsh.BshScriptFactoryTests" time="0.122"/>
  <testcase name="ctorWithEmptyScriptSourceLocator" classname="org.springframework.scripting.bsh.BshScriptFactoryTests" time="0.0"/>
  <testcase name="nonStaticScript" classname="org.springframework.scripting.bsh.BshScriptFactoryTests" time="0.033"/>
  <testcase name="nonStaticPrototypeScript" classname="org.springframework.scripting.bsh.BshScriptFactoryTests" time="0.033"/>
  <system-out><![CDATA[22:55:12.760 [Test worker] WARN  o.s.c.s.ClassPathXmlApplicationContext - Exception encountered during context initialization - cancelling refresh attempt: org.springframework.beans.factory.BeanCreationException: Error creating bean with name 'broken' defined in class path resource [org/springframework/scripting/bsh/bshBrokenContext.xml]: BeanPostProcessor before instantiation of bean failed; nested exception is org.springframework.beans.factory.BeanCreationException: Error creating bean with name 'scriptedObject.broken' defined in class path resource [org/springframework/scripting/bsh/bshBrokenContext.xml]: Bean instantiation via factory method failed; nested exception is org.springframework.beans.BeanInstantiationException: Failed to instantiate [java.lang.Object]: Factory method 'getScriptedObject' threw exception; nested exception is org.springframework.scripting.ScriptCompilationException: Could not compile class path resource [org/springframework/scripting/bsh/Broken.bsh]; nested exception is In file: inline evaluation of: ``one sure is the loneliest number... that i'll ever know;'' Encountered "is" at line 1, column 10.

org.springframework.context.event.ContextRefreshedEvent[source=org.springframework.context.support.ClassPathXmlApplicationContext@245148a2, started on Mon Jul 04 22:55:12 CST 2022]
org.springframework.context.event.ContextClosedEvent[source=org.springframework.context.support.ClassPathXmlApplicationContext@245148a2, started on Mon Jul 04 22:55:12 CST 2022]
org.springframework.context.event.ContextRefreshedEvent[source=org.springframework.context.support.ClassPathXmlApplicationContext@33502b88, started on Mon Jul 04 22:55:13 CST 2022]
org.springframework.context.event.ContextRefreshedEvent[source=org.springframework.context.support.ClassPathXmlApplicationContext@1f377be4, started on Mon Jul 04 22:55:13 CST 2022]
org.springframework.context.event.ContextRefreshedEvent[source=org.springframework.context.support.ClassPathXmlApplicationContext@49e1d091, started on Mon Jul 04 22:55:13 CST 2022]
org.springframework.scripting.bsh.BshScriptFactoryTests$MyEvent[source=org.springframework.context.support.ClassPathXmlApplicationContext@49e1d091, started on Mon Jul 04 22:55:13 CST 2022]
org.springframework.context.event.ContextRefreshedEvent[source=org.springframework.context.support.ClassPathXmlApplicationContext@72d849af, started on Mon Jul 04 22:55:14 CST 2022]
]]></system-out>
  <system-err><![CDATA[]]></system-err>
</testsuite>
