<?xml version="1.0" encoding="UTF-8"?>
<testsuite name="org.springframework.scripting.config.ScriptingDefaultsTests" tests="6" skipped="0" failures="0" errors="0" timestamp="2022-07-04T14:55:08" hostname="guoyingongdeMBP" time="0.285">
  <properties/>
  <testcase name="defaultAutowire" classname="org.springframework.scripting.config.ScriptingDefaultsTests" time="0.126"/>
  <testcase name="nameAsAlias" classname="org.springframework.scripting.config.ScriptingDefaultsTests" time="0.047"/>
  <testcase name="defaultInitMethod" classname="org.springframework.scripting.config.ScriptingDefaultsTests" time="0.03"/>
  <testcase name="defaultProxyTargetClass" classname="org.springframework.scripting.config.ScriptingDefaultsTests" time="0.024"/>
  <testcase name="defaultRefreshCheckDelay" classname="org.springframework.scripting.config.ScriptingDefaultsTests" time="0.03"/>
  <testcase name="defaultDestroyMethod" classname="org.springframework.scripting.config.ScriptingDefaultsTests" time="0.028"/>
  <system-out><![CDATA[]]></system-out>
  <system-err><![CDATA[]]></system-err>
</testsuite>
