<?xml version="1.0" encoding="UTF-8"?>
<testsuite name="org.springframework.cache.interceptor.CachePutEvaluationTests" tests="2" skipped="0" failures="0" errors="0" timestamp="2022-07-04T14:55:18" hostname="guoyingongdeMBP" time="0.032">
  <properties/>
  <testcase name="getAndPut" classname="org.springframework.cache.interceptor.CachePutEvaluationTests" time="0.026"/>
  <testcase name="mutualGetPutExclusion" classname="org.springframework.cache.interceptor.CachePutEvaluationTests" time="0.006"/>
  <system-out><![CDATA[]]></system-out>
  <system-err><![CDATA[]]></system-err>
</testsuite>
