<?xml version="1.0" encoding="UTF-8"?>
<testsuite name="org.springframework.context.support.SimpleThreadScopeTests" tests="2" skipped="0" failures="0" errors="0" timestamp="2022-07-04T14:55:05" hostname="guoyingongdeMBP" time="0.039">
  <properties/>
  <testcase name="getMultipleInstances" classname="org.springframework.context.support.SimpleThreadScopeTests" time="0.029"/>
  <testcase name="getFromScope" classname="org.springframework.context.support.SimpleThreadScopeTests" time="0.002"/>
  <system-out><![CDATA[]]></system-out>
  <system-err><![CDATA[]]></system-err>
</testsuite>
