<?xml version="1.0" encoding="UTF-8"?>
<testsuite name="org.springframework.validation.beanvalidation.BeanValidationPostProcessorTests" tests="6" skipped="0" failures="0" errors="0" timestamp="2022-07-04T14:55:32" hostname="guoyingongdeMBP" time="0.095">
  <properties/>
  <testcase name="testNotNullConstraintAfterInitializationWithProxy" classname="org.springframework.validation.beanvalidation.BeanValidationPostProcessorTests" time="0.042"/>
  <testcase name="testSizeConstraintSatisfied" classname="org.springframework.validation.beanvalidation.BeanValidationPostProcessorTests" time="0.012"/>
  <testcase name="testNotNullConstraintAfterInitialization" classname="org.springframework.validation.beanvalidation.BeanValidationPostProcessorTests" time="0.005"/>
  <testcase name="testNotNullConstraintSatisfied" classname="org.springframework.validation.beanvalidation.BeanValidationPostProcessorTests" time="0.004"/>
  <testcase name="testSizeConstraint" classname="org.springframework.validation.beanvalidation.BeanValidationPostProcessorTests" time="0.025"/>
  <testcase name="testNotNullConstraint" classname="org.springframework.validation.beanvalidation.BeanValidationPostProcessorTests" time="0.005"/>
  <system-out><![CDATA[22:55:32.818 [Test worker] WARN  o.s.c.s.GenericApplicationContext - Exception encountered during context initialization - cancelling refresh attempt: org.springframework.beans.factory.BeanCreationException: Error creating bean with name 'bean': Initialization of bean failed; nested exception is org.springframework.beans.factory.BeanInitializationException: Bean state is invalid: stringValue - muss zwischen 2 und 2147483647 liegen
22:55:32.824 [Test worker] WARN  o.s.c.s.GenericApplicationContext - Exception encountered during context initialization - cancelling refresh attempt: org.springframework.beans.factory.BeanCreationException: Error creating bean with name 'bean': Initialization of bean failed; nested exception is org.springframework.beans.factory.BeanInitializationException: Bean state is invalid: testBean - darf nicht null sein
]]></system-out>
  <system-err><![CDATA[]]></system-err>
</testsuite>
