<?xml version="1.0" encoding="UTF-8"?>
<testsuite name="org.springframework.context.annotation.configuration.ImportWithConditionTests" tests="2" skipped="0" failures="0" errors="0" timestamp="2022-07-04T14:54:50" hostname="guoyingongdeMBP" time="0.026">
  <properties/>
  <testcase name="unconditionalThenConditional" classname="org.springframework.context.annotation.configuration.ImportWithConditionTests" time="0.02"/>
  <testcase name="conditionalThenUnconditional" classname="org.springframework.context.annotation.configuration.ImportWithConditionTests" time="0.005"/>
  <system-out><![CDATA[]]></system-out>
  <system-err><![CDATA[]]></system-err>
</testsuite>
