<?xml version="1.0" encoding="UTF-8"?>
<testsuite name="org.springframework.aop.config.AopNamespaceHandlerProxyTargetClassTests" tests="6" skipped="0" failures="0" errors="0" timestamp="2022-07-04T14:55:28" hostname="guoyingongdeMBP" time="0.096">
  <properties/>
  <testcase name="testIsClassProxy" classname="org.springframework.aop.config.AopNamespaceHandlerProxyTargetClassTests" time="0.027"/>
  <testcase name="testAspectAppliedForInitializeBeanWithEmptyName" classname="org.springframework.aop.config.AopNamespaceHandlerProxyTargetClassTests" time="0.017"/>
  <testcase name="testAdviceInvokedCorrectly" classname="org.springframework.aop.config.AopNamespaceHandlerProxyTargetClassTests" time="0.013"/>
  <testcase name="testAspectAppliedForInitializeBeanWithNullName" classname="org.springframework.aop.config.AopNamespaceHandlerProxyTargetClassTests" time="0.012"/>
  <testcase name="testIsProxy" classname="org.springframework.aop.config.AopNamespaceHandlerProxyTargetClassTests" time="0.016"/>
  <testcase name="testAspectApplied" classname="org.springframework.aop.config.AopNamespaceHandlerProxyTargetClassTests" time="0.011"/>
  <system-out><![CDATA[]]></system-out>
  <system-err><![CDATA[]]></system-err>
</testsuite>
